<?xml version="1.0" encoding="UTF-8"?>
<!-- Generated by org.testng.reporters.JUnitXMLReporter -->
<testsuite hostname="jenkins-automated-testing" ignored="0" name=" TC_SU_01 :: [San Antonio Stage] To verify &#039;SignUp&#039; functionality for &#039;Learner user Above 13&#039; age." tests="1" failures="0" timestamp="05 May 2020 08:24:59 GMT" time="77.297" errors="0">
  <testcase name="signUp" time="67.368" classname="com.automation.signUp.SignUpIndex"/>
</testsuite> <!--  TC_SU_01 :: [San Antonio Stage] To verify 'SignUp' functionality for 'Learner user Above 13' age. -->
