<?xml version="1.0" encoding="UTF-8"?>
<!-- Generated by org.testng.reporters.JUnitXMLReporter -->
<testsuite hostname="jenkins-automated-testing" ignored="2" name=" TC_SI_02 :: [QA Gold] To verify &#039;SignIn&#039; functionality and To verify &#039;SignOut&#039; functionaity for &#039;Admin&#039; user." tests="1" failures="0" timestamp="05 May 2020 08:22:31 GMT" time="48.445" errors="0">
  <testcase name="logInAdmin" time="41.267" classname="com.automation.signIn.SigninIndex"/>
  <testcase name="signIn" time="0.0" classname="com.automation.signIn.SigninIndex">
    <ignored/>
  </testcase> <!-- signIn -->
  <testcase name="signOut" time="0.0" classname="com.automation.signIn.SigninIndex">
    <ignored/>
  </testcase> <!-- signOut -->
</testsuite> <!--  TC_SI_02 :: [QA Gold] To verify 'SignIn' functionality and To verify 'SignOut' functionaity for 'Admin' user. -->
