<?xml version="1.0" encoding="UTF-8"?>
<!-- Generated by org.testng.reporters.JUnitXMLReporter -->
<testsuite hostname="jenkins-automated-testing" ignored="2" name=" TC_SI_01 :: [San Antonio Stage] To verify &#039;SignIn&#039; functionality and To verify &#039;SignOut&#039; functionaity for &#039;Public&#039; user." tests="1" failures="0" timestamp="05 May 2020 08:22:10 GMT" time="85.24" errors="0">
  <testcase name="signIn" time="72.998" classname="com.automation.signIn.SigninIndex"/>
  <testcase name="logInAdmin" time="0.0" classname="com.automation.signIn.SigninIndex">
    <ignored/>
  </testcase> <!-- logInAdmin -->
  <testcase name="signOut" time="0.0" classname="com.automation.signIn.SigninIndex">
    <ignored/>
  </testcase> <!-- signOut -->
</testsuite> <!--  TC_SI_01 :: [San Antonio Stage] To verify 'SignIn' functionality and To verify 'SignOut' functionaity for 'Public' user. -->
