<?xml version="1.0" encoding="UTF-8"?>
<testng-results skipped="0" failed="1" ignored="20" total="35" passed="14">
  <reporter-output>
    <line>
      <![CDATA[<br></br>[https://staging.cityoflearning.org] [QAGold - Stage] - SignIn - SignOut Module [05/05/2020 13:50:45]]]>
    </line>
    <line>
      <![CDATA[<br></br>[https://evanston.cityoflearning.me] [QAGold - Stage] - SignIn - SignOut Module [05/05/2020 13:50:45]]]>
    </line>
    <line>
      <![CDATA[<br></br>[https://san-antonio.cityoflearning.me] [QAGold - Stage] - SignIn - SignOut Module [05/05/2020 13:50:45]]]>
    </line>
    <line>
      <![CDATA[<br></br>[https://dallas.cityoflearning.me] [QAGold - Stage] - SignIn - SignOut Module [05/05/2020 13:50:45]]]>
    </line>
    <line>
      <![CDATA[<br></br>[https://qa-gold.cityoflearning.me] [QAGold - Stage] - SignIn - SignOut Module [05/05/2020 13:50:45]]]>
    </line>
    <line>
      <![CDATA[<br></br>Seession bf008ac4cba58170a7a1595095ef61c8]]>
    </line>
    <line>
      <![CDATA[<br></br>Seession 7962c6342ba8037cc0f920f46805a040]]>
    </line>
    <line>
      <![CDATA[<strong> <h4 style="color:DarkViolet"> Test Case ID: TC_SignIn_01 </h4> </strong>]]>
    </line>
    <line>
      <![CDATA[<strong> <h4 style="color:DarkViolet"> Test Case ID: TC_SignIn_01 </h4> </strong>]]>
    </line>
    <line>
      <![CDATA[<strong> <h3 style="color:DeepPink"> Test Description:  TC_SI_01 :: [Evanstone Stage] To verify 'SignIn' functionality and To verify 'SignOut' functionaity for 'Public' user. - [https://evanston.cityoflearning.me]</h4> </strong>]]>
    </line>
    <line>
      <![CDATA[<strong> <h4 style="color:DeepPink"> Testcase :  To verify Sign In Functionality.</h4> </strong>]]>
    </line>
    <line>
      <![CDATA[<br></br>Step 1 : Open url: <a>https://evanston.cityoflearning.me</a>]]>
    </line>
    <line>
      <![CDATA[<strong> <h3 style="color:DeepPink"> Test Description:  TC_SI_01 :: [Dallas Stage] To verify 'SignIn' functionality and To verify 'SignOut' functionaity for 'Public' user. - [https://dallas.cityoflearning.me]</h4> </strong>]]>
    </line>
    <line>
      <![CDATA[<strong> <h4 style="color:DeepPink"> Testcase :  To verify Sign In Functionality.</h4> </strong>]]>
    </line>
    <line>
      <![CDATA[<br></br>Step 1 : Open url: <a>https://dallas.cityoflearning.me</a>]]>
    </line>
    <line>
      <![CDATA[<br></br>Seession c34d7329a42862f231cd168c6abfa0c4]]>
    </line>
    <line>
      <![CDATA[<strong> <h4 style="color:DarkViolet"> Test Case ID: TC_SignIn_01 </h4> </strong>]]>
    </line>
    <line>
      <![CDATA[<strong> <h3 style="color:DeepPink"> Test Description:  TC_SI_01 :: [QA Gold] To verify 'SignIn' functionality and To verify 'SignOut' functionaity for 'Public User' . - [https://qa-gold.cityoflearning.me]</h4> </strong>]]>
    </line>
    <line>
      <![CDATA[<strong> <h4 style="color:DeepPink"> Testcase :  To verify Sign In Functionality.</h4> </strong>]]>
    </line>
    <line>
      <![CDATA[<br></br>Step 1 : Open url: <a>https://qa-gold.cityoflearning.me</a>]]>
    </line>
    <line>
      <![CDATA[<br></br>Seession ca5eeb5cf3fa973e74d49b31a3ac144b]]>
    </line>
    <line>
      <![CDATA[<strong> <h4 style="color:DarkViolet"> Test Case ID: TC_SignIn_01 </h4> </strong>]]>
    </line>
    <line>
      <![CDATA[<strong> <h3 style="color:DeepPink"> Test Description:  TC_SI_01 :: [San Antonio Stage] To verify 'SignIn' functionality and To verify 'SignOut' functionaity for 'Public' user. - [https://san-antonio.cityoflearning.me]</h4> </strong>]]>
    </line>
    <line>
      <![CDATA[<strong> <h4 style="color:DeepPink"> Testcase :  To verify Sign In Functionality.</h4> </strong>]]>
    </line>
    <line>
      <![CDATA[<br></br>Step 1 : Open url: <a>https://san-antonio.cityoflearning.me</a>]]>
    </line>
    <line>
      <![CDATA[<br></br>Seession d8a4e3413f491e3dfda1e7b62eb03f97]]>
    </line>
    <line>
      <![CDATA[<strong> <h4 style="color:DarkViolet"> Test Case ID: TC_SignIn_01 </h4> </strong>]]>
    </line>
    <line>
      <![CDATA[<strong> <h3 style="color:DeepPink"> Test Description:  TC_SI_01 :: [Chicago Stage] To verify 'SignIn' functionality and To verify 'SignOut' functionaity for 'Public' user. - [https://staging.cityoflearning.org]</h4> </strong>]]>
    </line>
    <line>
      <![CDATA[<strong> <h4 style="color:DeepPink"> Testcase :  To verify Sign In Functionality.</h4> </strong>]]>
    </line>
    <line>
      <![CDATA[<br></br>Step 1 : Open url: <a>https://staging.cityoflearning.org</a>]]>
    </line>
    <line>
      <![CDATA[<br></br><b style="color:OrangeRed "> Expected Result-1: </b><b>To verify user redirects to the Home page and can see the all contents on the page with 'JOIN NOW' and 'SignIn' button.</b>]]>
    </line>
    <line>
      <![CDATA[<br></br><b style="color:OrangeRed "> Expected Result-1: </b><b>To verify user redirects to the Home page and can see the all contents on the page with 'JOIN NOW' and 'SignIn' button.</b>]]>
    </line>
    <line>
      <![CDATA[<br></br> <Strong><font color=#008000><b> &#10004 PASS</b></font></strong>]]>
    </line>
    <line>
      <![CDATA[<br></br>Step 2 : 'SignIn' with valid Credentials]]>
    </line>
    <line>
      <![CDATA[<br></br> <Strong><font color=#008000><b> &#10004 PASS</b></font></strong>]]>
    </line>
    <line>
      <![CDATA[<br></br>Step 2 : 'SignIn' with valid Credentials]]>
    </line>
    <line>
      <![CDATA[<br></br><b style="color:OrangeRed "> Expected Result-1: </b><b>To verify user redirects to the Home page and can see the all contents on the page with 'JOIN NOW' and 'SignIn' button.</b>]]>
    </line>
    <line>
      <![CDATA[<br></br><b style="color:OrangeRed "> Expected Result-1: </b><b>To verify user redirects to the Home page and can see the all contents on the page with 'JOIN NOW' and 'SignIn' button.</b>]]>
    </line>
    <line>
      <![CDATA[<br></br><b style="color:OrangeRed "> Expected Result-1: </b><b>To verify user redirects to the Home page and can see the all contents on the page with 'JOIN NOW' and 'SignIn' button.</b>]]>
    </line>
    <line>
      <![CDATA[<br></br> <Strong><font color=#008000><b> &#10004 PASS</b></font></strong>]]>
    </line>
    <line>
      <![CDATA[<br></br>Step 2 : 'SignIn' with valid Credentials]]>
    </line>
    <line>
      <![CDATA[<br></br> <Strong><font color=#008000><b> &#10004 PASS</b></font></strong>]]>
    </line>
    <line>
      <![CDATA[<br></br>Step 2 : 'SignIn' with valid Credentials]]>
    </line>
    <line>
      <![CDATA[<br></br> <Strong><font color=#008000><b> &#10004 PASS</b></font></strong>]]>
    </line>
    <line>
      <![CDATA[<br></br>Step 2 : 'SignIn' with valid Credentials]]>
    </line>
    <line>
      <![CDATA[<br></br>Clicked on 'LogIn' button.]]>
    </line>
    <line>
      <![CDATA[<br></br>Clicked on 'LogIn' button.]]>
    </line>
    <line>
      <![CDATA[<br></br>Clicked on 'LogIn' button.]]>
    </line>
    <line>
      <![CDATA[<br></br>Clicked on 'LogIn' button.]]>
    </line>
    <line>
      <![CDATA[<br></br>Clicked on 'LogIn' button.]]>
    </line>
    <line>
      <![CDATA[<br></br>Env is: https://evanston.cityoflearning.me]]>
    </line>
    <line>
      <![CDATA[<br></br><b style="color:OrangeRed "> Expected Result-2: </b><b>To verify user gets SignIn form for 'username' and 'password' .</b>]]>
    </line>
    <line>
      <![CDATA[<br></br>Clicked on 'Sign In' link.]]>
    </line>
    <line>
      <![CDATA[<br></br><b style="color:OrangeRed "> Expected Result-2: </b><b>To verify user gets SignIn form for 'username' and 'password' .</b>]]>
    </line>
    <line>
      <![CDATA[<br></br><b style="color:OrangeRed "> Expected Result-2: </b><b>To verify user gets SignIn form for 'username' and 'password' .</b>]]>
    </line>
    <line>
      <![CDATA[<br></br><b style="color:OrangeRed "> Expected Result-2: </b><b>To verify user gets SignIn form for 'username' and 'password' .</b>]]>
    </line>
    <line>
      <![CDATA[<br></br> <Strong><font color=#008000><b> &#10004 PASS</b></font></strong>]]>
    </line>
    <line>
      <![CDATA[<br></br>Environment:  <b>https://qa-gold.cityoflearning.me</b>]]>
    </line>
    <line>
      <![CDATA[<br></br><br><Strong><font color=#FF0000><b>&#10008 FAIL</b></font></strong></br>]]>
    </line>
    <line>
      <![CDATA[<br> <b>Please look to the screenshot - </b>]]>
    </line>
    <line>
      <![CDATA[<br></br> <Strong><font color=#008000><b> &#10004 PASS</b></font></strong>]]>
    </line>
    <line>
      <![CDATA[<br></br>Environment:  <b>https://san-antonio.cityoflearning.me</b>]]>
    </line>
    <line>
      <![CDATA[<br><Strong><font color=#FF0000>--Failed</font></strong>]]>
    </line>
    <line>
      <![CDATA[<a href='../ws/test-output/screenshots/0505082108945signIn.png' target='_new'>0505082108945signIn.png</a>]]>
    </line>
    <line>
      <![CDATA[<br></br>Environment:  <b>https://staging.cityoflearning.org</b>]]>
    </line>
    <line>
      <![CDATA[<br></br> <Strong><font color=#008000><b> &#10004 PASS</b></font></strong>]]>
    </line>
    <line>
      <![CDATA[<br></br>Environment:  <b>https://dallas.cityoflearning.me</b>]]>
    </line>
    <line>
      <![CDATA[<br></br>Entered 'Username' :-<b>mukeshlearnergold1</b>]]>
    </line>
    <line>
      <![CDATA[<br></br>Entered 'Username' :-<b>migtest-300</b>]]>
    </line>
    <line>
      <![CDATA[<br></br>Clicked on 'Close' icon from Shared Device Popup.]]>
    </line>
    <line>
      <![CDATA[<br></br><b style="color:OrangeRed "> Expected Result-2: </b><b>To verify user gets SignIn form for 'username' and 'password' .</b>]]>
    </line>
    <line>
      <![CDATA[<br></br>Entered 'Username' :-<b>migtest-300</b>]]>
    </line>
    <line>
      <![CDATA[<br></br>Entered 'Password' :-<b>Kiwi1234</b>]]>
    </line>
    <line>
      <![CDATA[<br></br>Entered 'Password' :-<b>test</b>]]>
    </line>
    <line>
      <![CDATA[<br></br>Entered 'Password' :-<b>test</b>]]>
    </line>
    <line>
      <![CDATA[<br></br> <Strong><font color=#008000><b> &#10004 PASS</b></font></strong>]]>
    </line>
    <line>
      <![CDATA[<br></br>Environment:  <b>https://evanston.cityoflearning.me</b>]]>
    </line>
    <line>
      <![CDATA[<br></br>Entered 'Username' :-<b>migtest-300</b>]]>
    </line>
    <line>
      <![CDATA[<br></br>Clicked on 'SignIn' button.]]>
    </line>
    <line>
      <![CDATA[<br></br>Clicked on 'SignIn' button.]]>
    </line>
    <line>
      <![CDATA[<br></br>Clicked on 'Log in' button.]]>
    </line>
    <line>
      <![CDATA[<br></br>Entered 'Password' :-<b>test</b>]]>
    </line>
    <line>
      <![CDATA[<br></br>Clicked on 'SignIn' button.]]>
    </line>
    <line>
      <![CDATA[<br></br><b style="color:OrangeRed "> Expected Result-3: </b><b>To verify user should SignIn successfully and verify user Profile name should be same as username.</b>]]>
    </line>
    <line>
      <![CDATA[<br></br><b style="color:OrangeRed "> Expected Result-3: </b><b>To verify user should SignIn successfully and verify user Profile name should be same as username.</b>]]>
    </line>
    <line>
      <![CDATA[<br></br><b style="color:OrangeRed "> Expected Result-3: </b><b>To verify user should SignIn successfully and verify user Profile name should be same as username.</b>]]>
    </line>
    <line>
      <![CDATA[<br></br>Actual Username after SignIn: <b>MIGTEST-300</b>]]>
    </line>
    <line>
      <![CDATA[<br></br> <Strong><font color=#008000><b> &#10004 PASS</b></font></strong>]]>
    </line>
    <line>
      <![CDATA[<br></br><b style="color:OrangeRed "> Expected Result-4: </b><b>To verify user is redirected to 'My Profile' page</b>]]>
    </line>
    <line>
      <![CDATA[<br></br>Actual Username after SignIn: <b>MUKESHLEARNERGOLD1</b>]]>
    </line>
    <line>
      <![CDATA[<br></br> <Strong><font color=#008000><b> &#10004 PASS</b></font></strong>]]>
    </line>
    <line>
      <![CDATA[<br></br><b style="color:OrangeRed "> Expected Result-4: </b><b>To verify user is redirected to 'My Profile' page</b>]]>
    </line>
    <line>
      <![CDATA[<br></br>Actual URL after SignIn: https://san-antonio.cityoflearning.me/my-profile]]>
    </line>
    <line>
      <![CDATA[<br></br> <Strong><font color=#008000><b> &#10004 PASS</b></font></strong>]]>
    </line>
    <line>
      <![CDATA[<br></br>Step 3 : Open Profile-Menu options. ]]>
    </line>
    <line>
      <![CDATA[<br></br>Actual URL after SignIn: https://qa-gold.cityoflearning.me/my-profile]]>
    </line>
    <line>
      <![CDATA[<br></br> <Strong><font color=#008000><b> &#10004 PASS</b></font></strong>]]>
    </line>
    <line>
      <![CDATA[<br></br>Step 3 : Open Profile-Menu options. ]]>
    </line>
    <line>
      <![CDATA[<br></br><b style="color:OrangeRed "> Expected Result-3: </b><b>To verify user should SignIn successfully and verify user Profile name should be same as username.</b>]]>
    </line>
    <line>
      <![CDATA[<br></br>Actual Username after SignIn: <b>MIGTEST-300</b>]]>
    </line>
    <line>
      <![CDATA[<br></br> <Strong><font color=#008000><b> &#10004 PASS</b></font></strong>]]>
    </line>
    <line>
      <![CDATA[<br></br><b style="color:OrangeRed "> Expected Result-4: </b><b>To verify user is redirected to 'My Profile' page</b>]]>
    </line>
    <line>
      <![CDATA[<br></br>Actual URL after SignIn: https://dallas.cityoflearning.me/my-profile]]>
    </line>
    <line>
      <![CDATA[<br></br> <Strong><font color=#008000><b> &#10004 PASS</b></font></strong>]]>
    </line>
    <line>
      <![CDATA[<br></br>Step 3 : Open Profile-Menu options. ]]>
    </line>
    <line>
      <![CDATA[<br></br>Actual Username after SignIn: <b>MIGTEST-300</b>]]>
    </line>
    <line>
      <![CDATA[<br></br> <Strong><font color=#008000><b> &#10004 PASS</b></font></strong>]]>
    </line>
    <line>
      <![CDATA[<br></br><b style="color:OrangeRed "> Expected Result-4: </b><b>To verify user is redirected to 'My Profile' page</b>]]>
    </line>
    <line>
      <![CDATA[<br></br>Actual URL after SignIn: https://evanston.cityoflearning.me/my-profile]]>
    </line>
    <line>
      <![CDATA[<br></br> <Strong><font color=#008000><b> &#10004 PASS</b></font></strong>]]>
    </line>
    <line>
      <![CDATA[<br></br>Step 3 : Open Profile-Menu options. ]]>
    </line>
    <line>
      <![CDATA[<br></br>Clicked on 'Profile Menu' icon (From Username).]]>
    </line>
    <line>
      <![CDATA[<br></br>Clicked on 'Profile Menu' icon (From Username).]]>
    </line>
    <line>
      <![CDATA[<br></br><b style="color:OrangeRed "> Expected Result-5: </b><b>To verify Username menu options should be displayed: 'MY PROFILE' - 'VIEW ACCOUNT' - 'SIGN OUT'</b>]]>
    </line>
    <line>
      <![CDATA[<br></br><b style="color:OrangeRed "> Expected Result-5: </b><b>To verify Username menu options should be displayed: 'MY PROFILE' - 'VIEW ACCOUNT' - 'SIGN OUT'</b>]]>
    </line>
    <line>
      <![CDATA[<br></br>Clicked on 'Profile Menu' icon (From Username).]]>
    </line>
    <line>
      <![CDATA[<br></br>Total Options in My Profile:3]]>
    </line>
    <line>
      <![CDATA[<br></br>Total Options in My Profile:3]]>
    </line>
    <line>
      <![CDATA[<br></br>- MY PROFILE]]>
    </line>
    <line>
      <![CDATA[<br></br>- MY PROFILE]]>
    </line>
    <line>
      <![CDATA[<br></br>- VIEW ACCOUNT]]>
    </line>
    <line>
      <![CDATA[<br></br>- VIEW ACCOUNT]]>
    </line>
    <line>
      <![CDATA[<br></br>- SIGN OUT]]>
    </line>
    <line>
      <![CDATA[<br></br> <Strong><font color=#008000><b> &#10004 PASS</b></font></strong>]]>
    </line>
    <line>
      <![CDATA[<strong> <h4 style="color:DarkViolet"> Test Case ID: TC_SignOut_01 </h4> </strong>]]>
    </line>
    <line>
      <![CDATA[<strong> <h4 style="color:DeepPink"> Testcase :  To verify Sign Out Functionality.</h4> </strong>]]>
    </line>
    <line>
      <![CDATA[<br></br>Step 4 : Sign Out from current signin account.]]>
    </line>
    <line>
      <![CDATA[<br></br>- SIGN OUT]]>
    </line>
    <line>
      <![CDATA[<br></br> <Strong><font color=#008000><b> &#10004 PASS</b></font></strong>]]>
    </line>
    <line>
      <![CDATA[<strong> <h4 style="color:DarkViolet"> Test Case ID: TC_SignOut_01 </h4> </strong>]]>
    </line>
    <line>
      <![CDATA[<strong> <h4 style="color:DeepPink"> Testcase :  To verify Sign Out Functionality.</h4> </strong>]]>
    </line>
    <line>
      <![CDATA[<br></br>Step 4 : Sign Out from current signin account.]]>
    </line>
    <line>
      <![CDATA[<br></br><b style="color:OrangeRed "> Expected Result-5: </b><b>To verify Username menu options should be displayed: 'MY PROFILE' - 'VIEW ACCOUNT' - 'SIGN OUT'</b>]]>
    </line>
    <line>
      <![CDATA[<br></br>Clicked on 'Profile Menu' icon (From Username).]]>
    </line>
    <line>
      <![CDATA[<br></br>Total Options in My Profile:3]]>
    </line>
    <line>
      <![CDATA[<br></br>- MY PROFILE]]>
    </line>
    <line>
      <![CDATA[<br></br>- VIEW ACCOUNT]]>
    </line>
    <line>
      <![CDATA[<br></br>- SIGN OUT]]>
    </line>
    <line>
      <![CDATA[<br></br> <Strong><font color=#008000><b> &#10004 PASS</b></font></strong>]]>
    </line>
    <line>
      <![CDATA[<strong> <h4 style="color:DarkViolet"> Test Case ID: TC_SignOut_01 </h4> </strong>]]>
    </line>
    <line>
      <![CDATA[<strong> <h4 style="color:DeepPink"> Testcase :  To verify Sign Out Functionality.</h4> </strong>]]>
    </line>
    <line>
      <![CDATA[<br></br>Step 4 : Sign Out from current signin account.]]>
    </line>
    <line>
      <![CDATA[<br> <b>Please look to the screenshot - </b>]]>
    </line>
    <line>
      <![CDATA[<br></br><b style="color:OrangeRed "> Expected Result-5: </b><b>To verify Username menu options should be displayed: 'MY PROFILE' - 'VIEW ACCOUNT' - 'SIGN OUT'</b>]]>
    </line>
    <line>
      <![CDATA[<br><Strong><font color=#FF0000>--Failed</font></strong>]]>
    </line>
    <line>
      <![CDATA[<a href='../ws/test-output/screenshots/0505082142221signIn.png' target='_new'>0505082142221signIn.png</a>]]>
    </line>
    <line>
      <![CDATA[<hr size='4px' noshade color='red'>]]>
    </line>
    <line>
      <![CDATA[<br></br><h3>Failure Reason:</h3>]]>
    </line>
    <line>
      <![CDATA[<br></br>org.openqa.selenium.ElementNotInteractableException: element not interactable]]>
    </line>
    <line>
      <![CDATA[<br></br>[https://qa-gold.cityoflearning.me/admin] [QAGold - Stage] - SignIn - SignOut Module [05/05/2020 13:51:42]]]>
    </line>
    <line>
      <![CDATA[<br></br>Total Options in My Profile:3]]>
    </line>
    <line>
      <![CDATA[<br></br>- MY PROFILE]]>
    </line>
    <line>
      <![CDATA[<br></br>- VIEW ACCOUNT]]>
    </line>
    <line>
      <![CDATA[<br></br>- SIGN OUT]]>
    </line>
    <line>
      <![CDATA[<br></br> <Strong><font color=#008000><b> &#10004 PASS</b></font></strong>]]>
    </line>
    <line>
      <![CDATA[<strong> <h4 style="color:DarkViolet"> Test Case ID: TC_SignOut_01 </h4> </strong>]]>
    </line>
    <line>
      <![CDATA[<strong> <h4 style="color:DeepPink"> Testcase :  To verify Sign Out Functionality.</h4> </strong>]]>
    </line>
    <line>
      <![CDATA[<br></br>Step 4 : Sign Out from current signin account.]]>
    </line>
    <line>
      <![CDATA[<br></br>Clicked on 'Sign Out' option (From Username menu).]]>
    </line>
    <line>
      <![CDATA[<br></br>Clicked on 'Sign Out' option (From Username menu).]]>
    </line>
    <line>
      <![CDATA[<br></br>Seession 30af671ef785059a9bbabb95a9be1cb7]]>
    </line>
    <line>
      <![CDATA[<strong> <h4 style="color:DarkViolet"> Test Case ID: TC_SignIn_02 </h4> </strong>]]>
    </line>
    <line>
      <![CDATA[<strong> <h3 style="color:DeepPink"> Test Description:  TC_SI_02 :: [QA Gold] To verify 'SignIn' functionality and To verify 'SignOut' functionaity for 'Admin' user. - [https://qa-gold.cityoflearning.me/admin]</h4> </strong>]]>
    </line>
    <line>
      <![CDATA[<strong> <h4 style="color:DeepPink"> Testcase :  To verify Sign In Functionality.</h4> </strong>]]>
    </line>
    <line>
      <![CDATA[<br></br>Step 1 : Open url: <a>https://qa-gold.cityoflearning.me/admin</a>]]>
    </line>
    <line>
      <![CDATA[<br></br><b style="color:OrangeRed "> Expected Result-6: </b><b>To verify user should get the 'Is this shared device' PopUp model.</b>]]>
    </line>
    <line>
      <![CDATA[<br></br><b style="color:OrangeRed "> Expected Result-6: </b><b>To verify user should get the 'Is this shared device' PopUp model.</b>]]>
    </line>
    <line>
      <![CDATA[<br></br><b style="color:OrangeRed "> Expected Result-1: </b><b>To verify user redirects to Admin Login page and can see Login Form for - qagold Instance.</b>]]>
    </line>
    <line>
      <![CDATA[<br></br><b> QA Gold City of Learning's Org Dashboard </b>]]>
    </line>
    <line>
      <![CDATA[<br></br>Clicked on 'Sign Out' option (From Username menu).]]>
    </line>
    <line>
      <![CDATA[<br></br> <Strong><font color=#008000><b> &#10004 PASS</b></font></strong>]]>
    </line>
    <line>
      <![CDATA[<br></br>Step 2 : 'Login' with valid Credentials]]>
    </line>
    <line>
      <![CDATA[<br></br>Environment:  <b>https://qa-gold.cityoflearning.me/admin</b>]]>
    </line>
    <line>
      <![CDATA[<br></br>Popup is displayed successfully.]]>
    </line>
    <line>
      <![CDATA[<br></br>Popup is displayed successfully.]]>
    </line>
    <line>
      <![CDATA[<br></br>Entered 'Email' :-<b>mukesh+super1@kiwiqa.com</b>]]>
    </line>
    <line>
      <![CDATA[<br></br><b style="color:OrangeRed "> Expected Result-6: </b><b>To verify user should get the 'Is this shared device' PopUp model.</b>]]>
    </line>
    <line>
      <![CDATA[<br></br>Entered 'Password' :-<b>Kiwi1234</b>]]>
    </line>
    <line>
      <![CDATA[<br></br> <Strong><font color=#008000><b> &#10004 PASS</b></font></strong>]]>
    </line>
    <line>
      <![CDATA[<br></br><b style="color:OrangeRed "> Expected Result-7: </b><b>To verify user gets SignIn form for 'username' and 'password' after SignOut completely.</b>]]>
    </line>
    <line>
      <![CDATA[<br></br> <Strong><font color=#008000><b> &#10004 PASS</b></font></strong>]]>
    </line>
    <line>
      <![CDATA[<br></br><b style="color:OrangeRed "> Expected Result-7: </b><b>To verify user gets SignIn form for 'username' and 'password' after SignOut completely.</b>]]>
    </line>
    <line>
      <![CDATA[<br></br>Popup is displayed successfully.]]>
    </line>
    <line>
      <![CDATA[<br></br>Current URL After Sign Out:  <b>https://qa-gold.cityoflearning.me/sign-in</b>]]>
    </line>
    <line>
      <![CDATA[<br></br>Current URL After Sign Out:  <b>https://san-antonio.cityoflearning.me/sign-in</b>]]>
    </line>
    <line>
      <![CDATA[<br></br> <Strong><font color=#008000><b> &#10004 PASS</b></font></strong>]]>
    </line>
    <line>
      <![CDATA[<br></br><b style="color:OrangeRed "> Expected Result-8: </b><b>To verify after SignOut user cannot go back to Profile page (via url hit).</b>]]>
    </line>
    <line>
      <![CDATA[<br></br> <Strong><font color=#008000><b> &#10004 PASS</b></font></strong>]]>
    </line>
    <line>
      <![CDATA[<br></br><b style="color:OrangeRed "> Expected Result-8: </b><b>To verify after SignOut user cannot go back to Profile page (via url hit).</b>]]>
    </line>
    <line>
      <![CDATA[<br></br> <Strong><font color=#008000><b> &#10004 PASS</b></font></strong>]]>
    </line>
    <line>
      <![CDATA[<br></br><b style="color:OrangeRed "> Expected Result-7: </b><b>To verify user gets SignIn form for 'username' and 'password' after SignOut completely.</b>]]>
    </line>
    <line>
      <![CDATA[<br></br>Clicked on 'LogIn' button.]]>
    </line>
    <line>
      <![CDATA[<br></br>Current URL After Sign Out:  <b>https://evanston.cityoflearning.me/sign-in</b>]]>
    </line>
    <line>
      <![CDATA[<br></br> <Strong><font color=#008000><b> &#10004 PASS</b></font></strong>]]>
    </line>
    <line>
      <![CDATA[<br></br><b style="color:OrangeRed "> Expected Result-8: </b><b>To verify after SignOut user cannot go back to Profile page (via url hit).</b>]]>
    </line>
    <line>
      <![CDATA[<br></br>Trying to Open URL: <b>https://qa-gold.cityoflearning.me/my-profile</b>]]>
    </line>
    <line>
      <![CDATA[<br></br><b> System Redirects User to :: https://qa-gold.cityoflearning.me/sign-in- As User is already SignOut. </b>]]>
    </line>
    <line>
      <![CDATA[<br></br> <Strong><font color=#008000><b> &#10004 PASS</b></font></strong>]]>
    </line>
    <line>
      <![CDATA[<br></br>Trying to Open URL: <b>https://san-antonio.cityoflearning.me/my-profile</b>]]>
    </line>
    <line>
      <![CDATA[<br></br><b> System Redirects User to :: https://san-antonio.cityoflearning.me/sign-in- As User is already SignOut. </b>]]>
    </line>
    <line>
      <![CDATA[<br></br> <Strong><font color=#008000><b> &#10004 PASS</b></font></strong>]]>
    </line>
    <line>
      <![CDATA[<br></br>Trying to Open URL: <b>https://evanston.cityoflearning.me/my-profile</b>]]>
    </line>
    <line>
      <![CDATA[<br></br><b> System Redirects User to :: https://evanston.cityoflearning.me/sign-in- As User is already SignOut. </b>]]>
    </line>
    <line>
      <![CDATA[<br></br> <Strong><font color=#008000><b> &#10004 PASS</b></font></strong>]]>
    </line>
    <line>
      <![CDATA[<hr size='4px' noshade color='green'>]]>
    </line>
    <line>
      <![CDATA[<hr size='4px' noshade color='green'>]]>
    </line>
    <line>
      <![CDATA[<br></br><b style="color:OrangeRed "> Expected Result-2: </b><b>To verify user should LogIn successfully and verify Admin username should be same as entered email.</b>]]>
    </line>
    <line>
      <![CDATA[<br></br>[https://staging.cityoflearning.org/admin] [QAGold - Stage] - SignIn - SignOut Module [05/05/2020 13:52:10]]]>
    </line>
    <line>
      <![CDATA[<br></br>[https://evanston.cityoflearning.me/admin] [QAGold - Stage] - SignIn - SignOut Module [05/05/2020 13:52:10]]]>
    </line>
    <line>
      <![CDATA[<br></br>Actual Admin Username after LogIn: <b>mukesh+super1@kiwiqa.com</b>]]>
    </line>
    <line>
      <![CDATA[<br></br> <Strong><font color=#008000><b> &#10004 PASS</b></font></strong>]]>
    </line>
    <line>
      <![CDATA[<br></br><b style="color:OrangeRed "> Expected Result-3: </b><b>To verify user is redirected to 'Organizations and Programs' page</b>]]>
    </line>
    <line>
      <![CDATA[<br></br>Actual URL after LogIn: https://qa-gold.cityoflearning.me/admin/super-admin]]>
    </line>
    <line>
      <![CDATA[<br></br> <Strong><font color=#008000><b> &#10004 PASS</b></font></strong>]]>
    </line>
    <line>
      <![CDATA[<strong> <h4 style="color:DarkViolet"> Test Case ID: TC_SignOut_02 </h4> </strong>]]>
    </line>
    <line>
      <![CDATA[<strong> <h4 style="color:DeepPink"> Testcase :  To verify Sign Out Functionality.</h4> </strong>]]>
    </line>
    <line>
      <![CDATA[<br></br>Step 3 : Log Out from current Login account.]]>
    </line>
    <line>
      <![CDATA[<br></br>Seession 8f4ee68ed566273bb61f04b7937ef615]]>
    </line>
    <line>
      <![CDATA[<strong> <h4 style="color:DarkViolet"> Test Case ID: TC_SignIn_02 </h4> </strong>]]>
    </line>
    <line>
      <![CDATA[<strong> <h3 style="color:DeepPink"> Test Description:  TC_SI_02 :: [Chicago Stage] To verify 'SignIn' functionality and To verify 'SignOut' functionaity for 'Admin' user. - [https://staging.cityoflearning.org/admin]</h4> </strong>]]>
    </line>
    <line>
      <![CDATA[<strong> <h4 style="color:DeepPink"> Testcase :  To verify Sign In Functionality.</h4> </strong>]]>
    </line>
    <line>
      <![CDATA[<br></br>Step 1 : Open url: <a>https://staging.cityoflearning.org/admin</a>]]>
    </line>
    <line>
      <![CDATA[<br></br>Seession ceed3027e05318a9795fbb52b40252c3]]>
    </line>
    <line>
      <![CDATA[<strong> <h4 style="color:DarkViolet"> Test Case ID: TC_SignIn_02 </h4> </strong>]]>
    </line>
    <line>
      <![CDATA[<strong> <h3 style="color:DeepPink"> Test Description:  TC_SI_02 :: [Evanstone Stage] To verify 'SignIn' functionality and To verify 'SignOut' functionaity for 'Admin' user. - [https://evanston.cityoflearning.me/admin]</h4> </strong>]]>
    </line>
    <line>
      <![CDATA[<strong> <h4 style="color:DeepPink"> Testcase :  To verify Sign In Functionality.</h4> </strong>]]>
    </line>
    <line>
      <![CDATA[<br></br>Step 1 : Open url: <a>https://evanston.cityoflearning.me/admin</a>]]>
    </line>
    <line>
      <![CDATA[<hr size='4px' noshade color='green'>]]>
    </line>
    <line>
      <![CDATA[<br></br>[https://san-antonio.cityoflearning.me/admin] [QAGold - Stage] - SignIn - SignOut Module [05/05/2020 13:52:14]]]>
    </line>
    <line>
      <![CDATA[<br></br>Clicked on 'Log Out' option (From Header).]]>
    </line>
    <line>
      <![CDATA[<br></br><b style="color:OrangeRed "> Expected Result-1: </b><b>To verify user redirects to Admin Login page and can see Login Form for - qagold Instance.</b>]]>
    </line>
    <line>
      <![CDATA[<br></br><b> Staging CCOL's Org Dashboard </b>]]>
    </line>
    <line>
      <![CDATA[<br></br> <Strong><font color=#008000><b> &#10004 PASS</b></font></strong>]]>
    </line>
    <line>
      <![CDATA[<br></br>Step 2 : 'Login' with valid Credentials]]>
    </line>
    <line>
      <![CDATA[<br></br>Seession e57ab7efaebb5ec857cfb5b817590835]]>
    </line>
    <line>
      <![CDATA[<strong> <h4 style="color:DarkViolet"> Test Case ID: TC_SignIn_02 </h4> </strong>]]>
    </line>
    <line>
      <![CDATA[<strong> <h3 style="color:DeepPink"> Test Description:  TC_SI_02 :: [San Antonio Stage] To verify 'SignIn' functionality and To verify 'SignOut' functionaity for 'Admin' user. - [https://san-antonio.cityoflearning.me/admin]</h4> </strong>]]>
    </line>
    <line>
      <![CDATA[<strong> <h4 style="color:DeepPink"> Testcase :  To verify Sign In Functionality.</h4> </strong>]]>
    </line>
    <line>
      <![CDATA[<br></br>Step 1 : Open url: <a>https://san-antonio.cityoflearning.me/admin</a>]]>
    </line>
    <line>
      <![CDATA[<br></br><b style="color:OrangeRed "> Expected Result-1: </b><b>To verify user redirects to Admin Login page and can see Login Form for - evanston Instance.</b>]]>
    </line>
    <line>
      <![CDATA[<br></br><b> EL3's Org Dashboard </b>]]>
    </line>
    <line>
      <![CDATA[<br></br> <Strong><font color=#008000><b> &#10004 PASS</b></font></strong>]]>
    </line>
    <line>
      <![CDATA[<br></br>Step 2 : 'Login' with valid Credentials]]>
    </line>
    <line>
      <![CDATA[<br></br>Environment:  <b>https://staging.cityoflearning.org/admin</b>]]>
    </line>
    <line>
      <![CDATA[<br></br>Environment:  <b>https://evanston.cityoflearning.me/admin</b>]]>
    </line>
    <line>
      <![CDATA[<br></br><b style="color:OrangeRed "> Expected Result-4: </b><b>To verify user gets LogIn form for 'Email' and 'Password' after LogOut Successfully.</b>]]>
    </line>
    <line>
      <![CDATA[<br></br><b> QA Gold City of Learning's Org Dashboard </b>]]>
    </line>
    <line>
      <![CDATA[<br></br> <Strong><font color=#008000><b> &#10004 PASS</b></font></strong>]]>
    </line>
    <line>
      <![CDATA[<br></br><b style="color:OrangeRed "> Expected Result-5: </b><b>To verify after LogOut user cannot go back to Admin Dasboard page.</b>]]>
    </line>
    <line>
      <![CDATA[<br></br>Entered 'Email' :-<b>mukesh.patel@kiwiqa.com</b>]]>
    </line>
    <line>
      <![CDATA[<br></br>Entered 'Email' :-<b>mukesh+super1@kiwiqa.com</b>]]>
    </line>
    <line>
      <![CDATA[<br></br><b style="color:OrangeRed "> Expected Result-1: </b><b>To verify user redirects to Admin Login page and can see Login Form for - san_antonio Instance.</b>]]>
    </line>
    <line>
      <![CDATA[<br></br><b> FutureReadySA's Org Dashboard </b>]]>
    </line>
    <line>
      <![CDATA[<br></br>Clicked on 'Profile Menu' icon (From Username).]]>
    </line>
    <line>
      <![CDATA[<br></br> <Strong><font color=#008000><b> &#10004 PASS</b></font></strong>]]>
    </line>
    <line>
      <![CDATA[<br></br>Step 2 : 'Login' with valid Credentials]]>
    </line>
    <line>
      <![CDATA[<br></br>Entered 'Password' :-<b>Kiwi1234</b>]]>
    </line>
    <line>
      <![CDATA[<br></br>Entered 'Password' :-<b>Kiwi1234</b>]]>
    </line>
    <line>
      <![CDATA[<br></br>Environment:  <b>https://san-antonio.cityoflearning.me/admin</b>]]>
    </line>
    <line>
      <![CDATA[<br></br>Entered 'Email' :-<b>mukesh+super1@kiwiqa.com</b>]]>
    </line>
    <line>
      <![CDATA[<br></br>Entered 'Password' :-<b>Kiwi1234</b>]]>
    </line>
    <line>
      <![CDATA[<br></br>Directly Trying to Open URL: <b>https://qa-gold.cityoflearning.me/admin/super-admin</b>]]>
    </line>
    <line>
      <![CDATA[<br></br><b> System Redirects User to :: <b>https://qa-gold.cityoflearning.me/admin/login?errors=You%20need%20to%20log%20in%20to%20access%20that%20page</b>- As User is already LogOut. </b>]]>
    </line>
    <line>
      <![CDATA[<br></br> <Strong><font color=#008000><b> &#10004 PASS</b></font></strong>]]>
    </line>
    <line>
      <![CDATA[<br></br>Clicked on 'LogIn' button.]]>
    </line>
    <line>
      <![CDATA[<br></br>Clicked on 'Sign Out' option (From Username menu).]]>
    </line>
    <line>
      <![CDATA[<br></br>Clicked on 'LogIn' button.]]>
    </line>
    <line>
      <![CDATA[<br></br>Clicked on 'LogIn' button.]]>
    </line>
    <line>
      <![CDATA[<hr size='4px' noshade color='green'>]]>
    </line>
    <line>
      <![CDATA[<br></br><b style="color:OrangeRed "> Expected Result-6: </b><b>To verify user should get the 'Is this shared device' PopUp model.</b>]]>
    </line>
    <line>
      <![CDATA[<br></br>[https://dallas.cityoflearning.me/admin] [QAGold - Stage] - SignIn - SignOut Module [05/05/2020 13:52:31]]]>
    </line>
    <line>
      <![CDATA[<br></br>Seession 11769cd2d3588b36078465cf8bccb96c]]>
    </line>
    <line>
      <![CDATA[<strong> <h4 style="color:DarkViolet"> Test Case ID: TC_SignIn_02 </h4> </strong>]]>
    </line>
    <line>
      <![CDATA[<strong> <h3 style="color:DeepPink"> Test Description:  TC_SI_02 :: [Dallas Stage] To verify 'SignIn' functionality and To verify 'SignOut' functionaity for 'Admin' user. - [https://dallas.cityoflearning.me/admin]</h4> </strong>]]>
    </line>
    <line>
      <![CDATA[<strong> <h4 style="color:DeepPink"> Testcase :  To verify Sign In Functionality.</h4> </strong>]]>
    </line>
    <line>
      <![CDATA[<br></br>Step 1 : Open url: <a>https://dallas.cityoflearning.me/admin</a>]]>
    </line>
    <line>
      <![CDATA[<br></br>Popup for Shared Deviced SignOut is not displayed for this Instance.]]>
    </line>
    <line>
      <![CDATA[<br></br> <Strong><font color=#008000><b> &#10004 PASS</b></font></strong>]]>
    </line>
    <line>
      <![CDATA[<br></br><b style="color:OrangeRed "> Expected Result-7: </b><b>To verify user gets SignIn form for 'username' and 'password' after SignOut completely.</b>]]>
    </line>
    <line>
      <![CDATA[<br></br><b style="color:OrangeRed "> Expected Result-1: </b><b>To verify user redirects to Admin Login page and can see Login Form for - dallas Instance.</b>]]>
    </line>
    <line>
      <![CDATA[<br></br><b> Dallas City of Learning's Org Dashboard </b>]]>
    </line>
    <line>
      <![CDATA[<br></br> <Strong><font color=#008000><b> &#10004 PASS</b></font></strong>]]>
    </line>
    <line>
      <![CDATA[<br></br>Step 2 : 'Login' with valid Credentials]]>
    </line>
    <line>
      <![CDATA[<br></br><b style="color:OrangeRed "> Expected Result-2: </b><b>To verify user should LogIn successfully and verify Admin username should be same as entered email.</b>]]>
    </line>
    <line>
      <![CDATA[<br></br>Current URL After Sign Out:  <b>https://dallas.cityoflearning.me/sign-up</b>]]>
    </line>
    <line>
      <![CDATA[<br></br> <Strong><font color=#008000><b> &#10004 PASS</b></font></strong>]]>
    </line>
    <line>
      <![CDATA[<br></br><b style="color:OrangeRed "> Expected Result-8: </b><b>To verify after SignOut user cannot go back to Profile page (via url hit).</b>]]>
    </line>
    <line>
      <![CDATA[<br></br><b style="color:OrangeRed "> Expected Result-2: </b><b>To verify user should LogIn successfully and verify Admin username should be same as entered email.</b>]]>
    </line>
    <line>
      <![CDATA[<br></br>Environment:  <b>https://dallas.cityoflearning.me/admin</b>]]>
    </line>
    <line>
      <![CDATA[<br></br>Actual Admin Username after LogIn: <b>Mukesh SA</b>]]>
    </line>
    <line>
      <![CDATA[<br></br> <Strong><font color=#008000><b> &#10004 PASS</b></font></strong>]]>
    </line>
    <line>
      <![CDATA[<br></br><b style="color:OrangeRed "> Expected Result-3: </b><b>To verify user is redirected to 'Organizations and Programs' page</b>]]>
    </line>
    <line>
      <![CDATA[<br></br>Actual URL after LogIn: https://staging.cityoflearning.org/admin/super-admin]]>
    </line>
    <line>
      <![CDATA[<br></br> <Strong><font color=#008000><b> &#10004 PASS</b></font></strong>]]>
    </line>
    <line>
      <![CDATA[<strong> <h4 style="color:DarkViolet"> Test Case ID: TC_SignOut_02 </h4> </strong>]]>
    </line>
    <line>
      <![CDATA[<strong> <h4 style="color:DeepPink"> Testcase :  To verify Sign Out Functionality.</h4> </strong>]]>
    </line>
    <line>
      <![CDATA[<br></br>Step 3 : Log Out from current Login account.]]>
    </line>
    <line>
      <![CDATA[<br></br>Actual Admin Username after LogIn: <b>mukesh+super1@kiwiqa.com</b>]]>
    </line>
    <line>
      <![CDATA[<br></br> <Strong><font color=#008000><b> &#10004 PASS</b></font></strong>]]>
    </line>
    <line>
      <![CDATA[<br></br><b style="color:OrangeRed "> Expected Result-3: </b><b>To verify user is redirected to 'Organizations and Programs' page</b>]]>
    </line>
    <line>
      <![CDATA[<br></br>Actual URL after LogIn: https://evanston.cityoflearning.me/admin/super-admin]]>
    </line>
    <line>
      <![CDATA[<br></br> <Strong><font color=#008000><b> &#10004 PASS</b></font></strong>]]>
    </line>
    <line>
      <![CDATA[<strong> <h4 style="color:DarkViolet"> Test Case ID: TC_SignOut_02 </h4> </strong>]]>
    </line>
    <line>
      <![CDATA[<strong> <h4 style="color:DeepPink"> Testcase :  To verify Sign Out Functionality.</h4> </strong>]]>
    </line>
    <line>
      <![CDATA[<br></br>Step 3 : Log Out from current Login account.]]>
    </line>
    <line>
      <![CDATA[<br></br>Entered 'Email' :-<b>mukesh.patel@kiwiqa.com</b>]]>
    </line>
    <line>
      <![CDATA[<br></br><b style="color:OrangeRed "> Expected Result-2: </b><b>To verify user should LogIn successfully and verify Admin username should be same as entered email.</b>]]>
    </line>
    <line>
      <![CDATA[<br></br>Entered 'Password' :-<b>Kiwi1234</b>]]>
    </line>
    <line>
      <![CDATA[<br></br>Actual Admin Username after LogIn: <b>mukesh+super1@kiwiqa.com</b>]]>
    </line>
    <line>
      <![CDATA[<br></br> <Strong><font color=#008000><b> &#10004 PASS</b></font></strong>]]>
    </line>
    <line>
      <![CDATA[<br></br><b style="color:OrangeRed "> Expected Result-3: </b><b>To verify user is redirected to 'Organizations and Programs' page</b>]]>
    </line>
    <line>
      <![CDATA[<br></br>Actual URL after LogIn: https://san-antonio.cityoflearning.me/admin/super-admin]]>
    </line>
    <line>
      <![CDATA[<br></br> <Strong><font color=#008000><b> &#10004 PASS</b></font></strong>]]>
    </line>
    <line>
      <![CDATA[<strong> <h4 style="color:DarkViolet"> Test Case ID: TC_SignOut_02 </h4> </strong>]]>
    </line>
    <line>
      <![CDATA[<strong> <h4 style="color:DeepPink"> Testcase :  To verify Sign Out Functionality.</h4> </strong>]]>
    </line>
    <line>
      <![CDATA[<br></br>Step 3 : Log Out from current Login account.]]>
    </line>
    <line>
      <![CDATA[<br></br>Clicked on 'Log Out' option (From Header).]]>
    </line>
    <line>
      <![CDATA[<br></br>Clicked on 'Log Out' option (From Header).]]>
    </line>
    <line>
      <![CDATA[<br></br>Trying to Open URL: <b>https://dallas.cityoflearning.me/my-profile</b>]]>
    </line>
    <line>
      <![CDATA[<br></br><b> System Redirects User to :: https://dallas.cityoflearning.me/sign-in- As User is already SignOut. </b>]]>
    </line>
    <line>
      <![CDATA[<br></br> <Strong><font color=#008000><b> &#10004 PASS</b></font></strong>]]>
    </line>
    <line>
      <![CDATA[<br></br>Clicked on 'Log Out' option (From Header).]]>
    </line>
    <line>
      <![CDATA[<br></br><b style="color:OrangeRed "> Expected Result-4: </b><b>To verify user gets LogIn form for 'Email' and 'Password' after LogOut Successfully.</b>]]>
    </line>
    <line>
      <![CDATA[<br></br><b> Staging CCOL's Org Dashboard </b>]]>
    </line>
    <line>
      <![CDATA[<br></br> <Strong><font color=#008000><b> &#10004 PASS</b></font></strong>]]>
    </line>
    <line>
      <![CDATA[<br></br><b style="color:OrangeRed "> Expected Result-5: </b><b>To verify after LogOut user cannot go back to Admin Dasboard page.</b>]]>
    </line>
    <line>
      <![CDATA[<br></br><b style="color:OrangeRed "> Expected Result-4: </b><b>To verify user gets LogIn form for 'Email' and 'Password' after LogOut Successfully.</b>]]>
    </line>
    <line>
      <![CDATA[<br></br><b> EL3's Org Dashboard </b>]]>
    </line>
    <line>
      <![CDATA[<br></br> <Strong><font color=#008000><b> &#10004 PASS</b></font></strong>]]>
    </line>
    <line>
      <![CDATA[<br></br><b style="color:OrangeRed "> Expected Result-5: </b><b>To verify after LogOut user cannot go back to Admin Dasboard page.</b>]]>
    </line>
    <line>
      <![CDATA[<br></br>Clicked on 'LogIn' button.]]>
    </line>
    <line>
      <![CDATA[<hr size='4px' noshade color='green'>]]>
    </line>
    <line>
      <![CDATA[<br></br><b style="color:OrangeRed "> Expected Result-4: </b><b>To verify user gets LogIn form for 'Email' and 'Password' after LogOut Successfully.</b>]]>
    </line>
    <line>
      <![CDATA[<br></br><b> FutureReadySA's Org Dashboard </b>]]>
    </line>
    <line>
      <![CDATA[<br></br> <Strong><font color=#008000><b> &#10004 PASS</b></font></strong>]]>
    </line>
    <line>
      <![CDATA[<br></br><b style="color:OrangeRed "> Expected Result-5: </b><b>To verify after LogOut user cannot go back to Admin Dasboard page.</b>]]>
    </line>
    <line>
      <![CDATA[<br></br>Directly Trying to Open URL: <b>https://staging.cityoflearning.org/admin/super-admin</b>]]>
    </line>
    <line>
      <![CDATA[<br></br><b> System Redirects User to :: <b>https://staging.cityoflearning.org/admin/login?errors=You%20need%20to%20log%20in%20to%20access%20that%20page</b>- As User is already LogOut. </b>]]>
    </line>
    <line>
      <![CDATA[<br></br> <Strong><font color=#008000><b> &#10004 PASS</b></font></strong>]]>
    </line>
    <line>
      <![CDATA[<br></br>Directly Trying to Open URL: <b>https://evanston.cityoflearning.me/admin/super-admin</b>]]>
    </line>
    <line>
      <![CDATA[<br></br><b> System Redirects User to :: <b>https://evanston.cityoflearning.me/admin/login?errors=You%20need%20to%20log%20in%20to%20access%20that%20page</b>- As User is already LogOut. </b>]]>
    </line>
    <line>
      <![CDATA[<br></br> <Strong><font color=#008000><b> &#10004 PASS</b></font></strong>]]>
    </line>
    <line>
      <![CDATA[<br></br>Directly Trying to Open URL: <b>https://san-antonio.cityoflearning.me/admin/super-admin</b>]]>
    </line>
    <line>
      <![CDATA[<br></br><b> System Redirects User to :: <b>https://san-antonio.cityoflearning.me/admin/login?errors=You%20need%20to%20log%20in%20to%20access%20that%20page</b>- As User is already LogOut. </b>]]>
    </line>
    <line>
      <![CDATA[<br></br> <Strong><font color=#008000><b> &#10004 PASS</b></font></strong>]]>
    </line>
    <line>
      <![CDATA[<br></br><b style="color:OrangeRed "> Expected Result-2: </b><b>To verify user should LogIn successfully and verify Admin username should be same as entered email.</b>]]>
    </line>
    <line>
      <![CDATA[<hr size='4px' noshade color='green'>]]>
    </line>
    <line>
      <![CDATA[<hr size='4px' noshade color='green'>]]>
    </line>
    <line>
      <![CDATA[<br></br>Actual Admin Username after LogIn: <b>Mukesh SA</b>]]>
    </line>
    <line>
      <![CDATA[<br></br> <Strong><font color=#008000><b> &#10004 PASS</b></font></strong>]]>
    </line>
    <line>
      <![CDATA[<br></br><b style="color:OrangeRed "> Expected Result-3: </b><b>To verify user is redirected to 'Organizations and Programs' page</b>]]>
    </line>
    <line>
      <![CDATA[<br></br>Actual URL after LogIn: https://dallas.cityoflearning.me/admin/super-admin]]>
    </line>
    <line>
      <![CDATA[<br></br> <Strong><font color=#008000><b> &#10004 PASS</b></font></strong>]]>
    </line>
    <line>
      <![CDATA[<strong> <h4 style="color:DarkViolet"> Test Case ID: TC_SignOut_02 </h4> </strong>]]>
    </line>
    <line>
      <![CDATA[<strong> <h4 style="color:DeepPink"> Testcase :  To verify Sign Out Functionality.</h4> </strong>]]>
    </line>
    <line>
      <![CDATA[<br></br>Step 3 : Log Out from current Login account.]]>
    </line>
    <line>
      <![CDATA[<hr size='4px' noshade color='green'>]]>
    </line>
    <line>
      <![CDATA[<br></br>Clicked on 'Log Out' option (From Header).]]>
    </line>
    <line>
      <![CDATA[<br></br><b style="color:OrangeRed "> Expected Result-4: </b><b>To verify user gets LogIn form for 'Email' and 'Password' after LogOut Successfully.</b>]]>
    </line>
    <line>
      <![CDATA[<br></br><b> Dallas City of Learning's Org Dashboard </b>]]>
    </line>
    <line>
      <![CDATA[<br></br> <Strong><font color=#008000><b> &#10004 PASS</b></font></strong>]]>
    </line>
    <line>
      <![CDATA[<br></br><b style="color:OrangeRed "> Expected Result-5: </b><b>To verify after LogOut user cannot go back to Admin Dasboard page.</b>]]>
    </line>
    <line>
      <![CDATA[<br></br>Directly Trying to Open URL: <b>https://dallas.cityoflearning.me/admin/super-admin</b>]]>
    </line>
    <line>
      <![CDATA[<br></br><b> System Redirects User to :: <b>https://dallas.cityoflearning.me/admin/login?errors=You%20need%20to%20log%20in%20to%20access%20that%20page</b>- As User is already LogOut. </b>]]>
    </line>
    <line>
      <![CDATA[<br></br> <Strong><font color=#008000><b> &#10004 PASS</b></font></strong>]]>
    </line>
    <line>
      <![CDATA[<hr size='4px' noshade color='green'>]]>
    </line>
    <line>
      <![CDATA[<br></br>[https://staging.cityoflearning.org] [QAGold - Stage] - SignUp Module [05/05/2020 13:53:42]]]>
    </line>
    <line>
      <![CDATA[<br></br>[https://qa-gold.cityoflearning.me] [QAGold - Stage] - SignUp Module [05/05/2020 13:53:42]]]>
    </line>
    <line>
      <![CDATA[<br></br>[https://dallas.cityoflearning.me] [QAGold - Stage] - SignUp Module [05/05/2020 13:53:42]]]>
    </line>
    <line>
      <![CDATA[<br></br>[https://evanston.cityoflearning.me] [QAGold - Stage] - SignUp Module [05/05/2020 13:53:42]]]>
    </line>
    <line>
      <![CDATA[<br></br>[https://san-antonio.cityoflearning.me] [QAGold - Stage] - SignUp Module [05/05/2020 13:53:42]]]>
    </line>
    <line>
      <![CDATA[<br></br>Seession 75447f6429f31d91ad86bd5d635ee9a0]]>
    </line>
    <line>
      <![CDATA[<strong> <h4 style="color:DarkViolet"> Test Case ID: TC_SignUp_01</h4> </strong>]]>
    </line>
    <line>
      <![CDATA[<strong> <h3 style="color:DeepPink"> Test Description:  TC_SU_01 :: [Dallas Stage] To verify 'SignUp' functionality for 'Learner user Above 13' age. - [https://dallas.cityoflearning.me]</h4> </strong>]]>
    </line>
    <line>
      <![CDATA[<strong> <h4 style="color:DeepPink"> Testcase :  To verify SignUp Functionality (Create New Account Successfully).</h4> </strong>]]>
    </line>
    <line>
      <![CDATA[<br></br>Step 1 : Open url: <a>https://dallas.cityoflearning.me</a>]]>
    </line>
    <line>
      <![CDATA[<br></br>Seession ecd5be6c1e9250920e135dc6437265ae]]>
    </line>
    <line>
      <![CDATA[<strong> <h4 style="color:DarkViolet"> Test Case ID: TC_SignUp_01</h4> </strong>]]>
    </line>
    <line>
      <![CDATA[<strong> <h3 style="color:DeepPink"> Test Description:  TC_SU_01 :: [Evanstone Stage] To verify 'SignUp' functionality for 'Learner user Above 13' age. - [https://evanston.cityoflearning.me]</h4> </strong>]]>
    </line>
    <line>
      <![CDATA[<strong> <h4 style="color:DeepPink"> Testcase :  To verify SignUp Functionality (Create New Account Successfully).</h4> </strong>]]>
    </line>
    <line>
      <![CDATA[<br></br>Step 1 : Open url: <a>https://evanston.cityoflearning.me</a>]]>
    </line>
    <line>
      <![CDATA[<br></br>Seession 83ffb6b8cc540c510ad1f57450f74913]]>
    </line>
    <line>
      <![CDATA[<strong> <h4 style="color:DarkViolet"> Test Case ID: TC_SignUp_01</h4> </strong>]]>
    </line>
    <line>
      <![CDATA[<strong> <h3 style="color:DeepPink"> Test Description:  TC_SU_01 :: [San Antonio Stage] To verify 'SignUp' functionality for 'Learner user Above 13' age. - [https://san-antonio.cityoflearning.me]</h4> </strong>]]>
    </line>
    <line>
      <![CDATA[<strong> <h4 style="color:DeepPink"> Testcase :  To verify SignUp Functionality (Create New Account Successfully).</h4> </strong>]]>
    </line>
    <line>
      <![CDATA[<br></br>Step 1 : Open url: <a>https://san-antonio.cityoflearning.me</a>]]>
    </line>
    <line>
      <![CDATA[<br></br>Seession f10fe4712387f7292831035cad4e3110]]>
    </line>
    <line>
      <![CDATA[<strong> <h4 style="color:DarkViolet"> Test Case ID: TC_SignUp_01</h4> </strong>]]>
    </line>
    <line>
      <![CDATA[<strong> <h3 style="color:DeepPink"> Test Description:  TC_SU_01 :: [Chicago Stage] To verify 'SignUp' functionality for 'Learner user Above 13' age. - [https://staging.cityoflearning.org]</h4> </strong>]]>
    </line>
    <line>
      <![CDATA[<strong> <h4 style="color:DeepPink"> Testcase :  To verify SignUp Functionality (Create New Account Successfully).</h4> </strong>]]>
    </line>
    <line>
      <![CDATA[<br></br>Step 1 : Open url: <a>https://staging.cityoflearning.org</a>]]>
    </line>
    <line>
      <![CDATA[<br></br>Seession 7589ace7a3d78005d60bc578761d94e9]]>
    </line>
    <line>
      <![CDATA[<strong> <h4 style="color:DarkViolet"> Test Case ID: TC_SignUp_01</h4> </strong>]]>
    </line>
    <line>
      <![CDATA[<strong> <h3 style="color:DeepPink"> Test Description:  TC_SU_01 :: [QA Gold] To verify 'SignUp' functionality for 'Learner user Above 13' age. - [https://qa-gold.cityoflearning.me]</h4> </strong>]]>
    </line>
    <line>
      <![CDATA[<strong> <h4 style="color:DeepPink"> Testcase :  To verify SignUp Functionality (Create New Account Successfully).</h4> </strong>]]>
    </line>
    <line>
      <![CDATA[<br></br>Step 1 : Open url: <a>https://qa-gold.cityoflearning.me</a>]]>
    </line>
    <line>
      <![CDATA[<br></br><b style="color:OrangeRed "> Expected Result-1: </b><b>To verify user redirects to the Home page and can see the all contents on the page with 'JOIN NOW' and 'SignIn' button.</b>]]>
    </line>
    <line>
      <![CDATA[<br></br> <Strong><font color=#008000><b> &#10004 PASS</b></font></strong>]]>
    </line>
    <line>
      <![CDATA[<br></br>Step 2 : 'SignUp' (Create New Account) with valid Credentials]]>
    </line>
    <line>
      <![CDATA[<br></br><b style="color:OrangeRed "> Expected Result-1: </b><b>To verify user redirects to the Home page and can see the all contents on the page with 'JOIN NOW' and 'SignIn' button.</b>]]>
    </line>
    <line>
      <![CDATA[<br></br> <Strong><font color=#008000><b> &#10004 PASS</b></font></strong>]]>
    </line>
    <line>
      <![CDATA[<br></br>Step 2 : 'SignUp' (Create New Account) with valid Credentials]]>
    </line>
    <line>
      <![CDATA[<br></br><b style="color:OrangeRed "> Expected Result-1: </b><b>To verify user redirects to the Home page and can see the all contents on the page with 'JOIN NOW' and 'SignIn' button.</b>]]>
    </line>
    <line>
      <![CDATA[<br></br><b style="color:OrangeRed "> Expected Result-1: </b><b>To verify user redirects to the Home page and can see the all contents on the page with 'JOIN NOW' and 'SignIn' button.</b>]]>
    </line>
    <line>
      <![CDATA[<br></br><b style="color:OrangeRed "> Expected Result-1: </b><b>To verify user redirects to the Home page and can see the all contents on the page with 'JOIN NOW' and 'SignIn' button.</b>]]>
    </line>
    <line>
      <![CDATA[<br></br> <Strong><font color=#008000><b> &#10004 PASS</b></font></strong>]]>
    </line>
    <line>
      <![CDATA[<br></br>Step 2 : 'SignUp' (Create New Account) with valid Credentials]]>
    </line>
    <line>
      <![CDATA[<br></br> <Strong><font color=#008000><b> &#10004 PASS</b></font></strong>]]>
    </line>
    <line>
      <![CDATA[<br></br>Step 2 : 'SignUp' (Create New Account) with valid Credentials]]>
    </line>
    <line>
      <![CDATA[<br></br> <Strong><font color=#008000><b> &#10004 PASS</b></font></strong>]]>
    </line>
    <line>
      <![CDATA[<br></br>Step 2 : 'SignUp' (Create New Account) with valid Credentials]]>
    </line>
    <line>
      <![CDATA[<br></br>Step 3 : Open 'SignUp' form.]]>
    </line>
    <line>
      <![CDATA[<br></br>Step 3 : Open 'SignUp' form.]]>
    </line>
    <line>
      <![CDATA[<br></br>Step 3 : Open 'SignUp' form.]]>
    </line>
    <line>
      <![CDATA[<br></br>Step 3 : Open 'SignUp' form.]]>
    </line>
    <line>
      <![CDATA[<br></br>Step 3 : Open 'SignUp' form.]]>
    </line>
    <line>
      <![CDATA[<br></br>Clicked on 'Join' button.]]>
    </line>
    <line>
      <![CDATA[<br></br>Clicked on 'Join Now' button.]]>
    </line>
    <line>
      <![CDATA[<br></br>Clicked on 'Join Now' button.]]>
    </line>
    <line>
      <![CDATA[<br></br>Clicked on 'Join Now' button.]]>
    </line>
    <line>
      <![CDATA[<br></br>Clicked on 'Join Now' button.]]>
    </line>
    <line>
      <![CDATA[<br></br><b style="color:OrangeRed "> Expected Result-2: </b><b>To verify user gets SignUp form with 'First Name', 'Last Name' and 'Birthday'.</b>]]>
    </line>
    <line>
      <![CDATA[<br></br><b style="color:OrangeRed "> Expected Result-2: </b><b>To verify user gets SignUp form with 'First Name', 'Last Name' and 'Birthday'.</b>]]>
    </line>
    <line>
      <![CDATA[<br></br><b style="color:OrangeRed "> Expected Result-2: </b><b>To verify user gets SignUp form with 'First Name', 'Last Name' and 'Birthday'.</b>]]>
    </line>
    <line>
      <![CDATA[<br></br><b style="color:OrangeRed "> Expected Result-2: </b><b>To verify user gets SignUp form with 'First Name', 'Last Name' and 'Birthday'.</b>]]>
    </line>
    <line>
      <![CDATA[<br></br><b style="color:OrangeRed "> Expected Result-2: </b><b>To verify user gets SignUp form with 'First Name', 'Last Name' and 'Birthday'.</b>]]>
    </line>
    <line>
      <![CDATA[<br></br> <Strong><font color=#008000><b> &#10004 PASS</b></font></strong>]]>
    </line>
    <line>
      <![CDATA[<br></br>Environment:  <b>https://evanston.cityoflearning.me</b>]]>
    </line>
    <line>
      <![CDATA[<br></br>Step 4 : Enter valid 'SignUp' details.]]>
    </line>
    <line>
      <![CDATA[<br></br> <Strong><font color=#008000><b> &#10004 PASS</b></font></strong>]]>
    </line>
    <line>
      <![CDATA[<br></br>Environment:  <b>https://dallas.cityoflearning.me</b>]]>
    </line>
    <line>
      <![CDATA[<br></br>Step 4 : Enter valid 'SignUp' details.]]>
    </line>
    <line>
      <![CDATA[<br></br> <Strong><font color=#008000><b> &#10004 PASS</b></font></strong>]]>
    </line>
    <line>
      <![CDATA[<br></br>Environment:  <b>https://san-antonio.cityoflearning.me</b>]]>
    </line>
    <line>
      <![CDATA[<br></br>Step 4 : Enter valid 'SignUp' details.]]>
    </line>
    <line>
      <![CDATA[<br></br> <Strong><font color=#008000><b> &#10004 PASS</b></font></strong>]]>
    </line>
    <line>
      <![CDATA[<br></br>Environment:  <b>https://qa-gold.cityoflearning.me</b>]]>
    </line>
    <line>
      <![CDATA[<br></br>Step 4 : Enter valid 'SignUp' details.]]>
    </line>
    <line>
      <![CDATA[<br></br> <Strong><font color=#008000><b> &#10004 PASS</b></font></strong>]]>
    </line>
    <line>
      <![CDATA[<br></br>Environment:  <b>https://staging.cityoflearning.org</b>]]>
    </line>
    <line>
      <![CDATA[<br></br>Step 4 : Enter valid 'SignUp' details.]]>
    </line>
    <line>
      <![CDATA[<br></br>Entered 'First Name' :-<b>Qmsns_automation</b>]]>
    </line>
    <line>
      <![CDATA[<br></br>Entered 'First Name' :-<b>qVJCC_automation</b>]]>
    </line>
    <line>
      <![CDATA[<br></br>Entered 'First Name' :-<b>zCAgv_automation</b>]]>
    </line>
    <line>
      <![CDATA[<br></br>Entered 'First Name' :-<b>eqcmX_automation</b>]]>
    </line>
    <line>
      <![CDATA[<br></br>Entered 'First Name' :-<b>PbJAg_automation</b>]]>
    </line>
    <line>
      <![CDATA[<br></br>Entered 'Last Name' :-<b>NOxLQ_automation</b>]]>
    </line>
    <line>
      <![CDATA[<br></br>Entered 'Last Name' :-<b>RvSUB_automation</b>]]>
    </line>
    <line>
      <![CDATA[<br></br>Entered 'Last Name' :-<b>XPUSz_automation</b>]]>
    </line>
    <line>
      <![CDATA[<br></br>Entered 'Last Name' :-<b>ZeApz_automation</b>]]>
    </line>
    <line>
      <![CDATA[<br></br>Selected 'Month' :-<b>January</b>]]>
    </line>
    <line>
      <![CDATA[<br></br>Entered 'Last Name' :-<b>Fcuah_automation</b>]]>
    </line>
    <line>
      <![CDATA[<br></br>Selected 'Month' :-<b>January</b>]]>
    </line>
    <line>
      <![CDATA[<br></br>Selected 'Month' :-<b>January</b>]]>
    </line>
    <line>
      <![CDATA[<br></br>Selected 'Month' :-<b>January</b>]]>
    </line>
    <line>
      <![CDATA[<br></br>Selected 'Date' :-<b>28</b>]]>
    </line>
    <line>
      <![CDATA[<br></br>Selected 'Month' :-<b>January</b>]]>
    </line>
    <line>
      <![CDATA[<br></br>Selected 'Date' :-<b>28</b>]]>
    </line>
    <line>
      <![CDATA[<br></br>Selected 'Date' :-<b>28</b>]]>
    </line>
    <line>
      <![CDATA[<br></br>Selected 'Year' :-<b>2005</b>]]>
    </line>
    <line>
      <![CDATA[<br></br>Selected 'Date' :-<b>28</b>]]>
    </line>
    <line>
      <![CDATA[<br></br>Selected 'Date' :-<b>28</b>]]>
    </line>
    <line>
      <![CDATA[<br></br>Selected 'Year' :-<b>2005</b>]]>
    </line>
    <line>
      <![CDATA[<br></br>Selected 'Year' :-<b>2005</b>]]>
    </line>
    <line>
      <![CDATA[<br></br>Selected 'Year' :-<b>2005</b>]]>
    </line>
    <line>
      <![CDATA[<br></br>Selected 'Year' :-<b>2005</b>]]>
    </line>
    <line>
      <![CDATA[<br></br>Clicked on 'Continue to Sign Up'.]]>
    </line>
    <line>
      <![CDATA[<br></br>Clicked on 'Continue to Sign Up'.]]>
    </line>
    <line>
      <![CDATA[<br></br>Clicked on 'Continue to Sign Up'.]]>
    </line>
    <line>
      <![CDATA[<br></br>Clicked on 'Continue to Sign Up'.]]>
    </line>
    <line>
      <![CDATA[<br></br>Clicked on 'Continue to Sign Up'.]]>
    </line>
    <line>
      <![CDATA[<br></br><b style="color:OrangeRed "> Expected Result-3: </b><b>To verify user should be redirected to Select School page.</b>]]>
    </line>
    <line>
      <![CDATA[<br></br><b style="color:OrangeRed "> Expected Result-3: </b><b>To verify user should be redirected to Select School page.</b>]]>
    </line>
    <line>
      <![CDATA[<br></br><b style="color:OrangeRed "> Expected Result-3: </b><b>To verify user should be redirected to Select School page.</b>]]>
    </line>
    <line>
      <![CDATA[<br></br>School selection feature is disabled.]]>
    </line>
    <line>
      <![CDATA[<br></br> <Strong><font color=#008000><b> &#10004 PASS</b></font></strong>]]>
    </line>
    <line>
      <![CDATA[<br></br>Step 5 : Select School for this user. (If School selection feature is enable.)]]>
    </line>
    <line>
      <![CDATA[<br></br>School selection feature is disabled. Redirecting to enter email, username and password page.]]>
    </line>
    <line>
      <![CDATA[<br></br><b style="color:OrangeRed "> Expected Result-4: </b><b>To verify user should be redirected to enter email, username and password page.</b>]]>
    </line>
    <line>
      <![CDATA[<br></br><b style="color:OrangeRed "> Expected Result-3: </b><b>To verify user should be redirected to Select School page.</b>]]>
    </line>
    <line>
      <![CDATA[<br></br><b style="color:OrangeRed "> Expected Result-3: </b><b>To verify user should be redirected to Select School page.</b>]]>
    </line>
    <line>
      <![CDATA[<br></br> <Strong><font color=#008000><b> &#10004 PASS</b></font></strong>]]>
    </line>
    <line>
      <![CDATA[<br></br>Step 6 : Enter valid Credentials (Email, Username, Password)]]>
    </line>
    <line>
      <![CDATA[<br></br>Entered email: tarpan.patel+22645san_antonio@kiwiqa.com]]>
    </line>
    <line>
      <![CDATA[<br></br> <Strong><font color=#008000><b> &#10004 PASS</b></font></strong>]]>
    </line>
    <line>
      <![CDATA[<br></br>Step 5 : Select School for this user. (If School selection feature is enable.)]]>
    </line>
    <line>
      <![CDATA[<br></br> <Strong><font color=#008000><b> &#10004 PASS</b></font></strong>]]>
    </line>
    <line>
      <![CDATA[<br></br>Step 5 : Select School for this user. (If School selection feature is enable.)]]>
    </line>
    <line>
      <![CDATA[<br></br>Entered username: 22645san_antonio]]>
    </line>
    <line>
      <![CDATA[<br></br>Entered password: Kiwi1234auto]]>
    </line>
    <line>
      <![CDATA[<br></br> <Strong><font color=#008000><b> &#10004 PASS</b></font></strong>]]>
    </line>
    <line>
      <![CDATA[<br></br>Step 5 : Select School for this user. (If School selection feature is enable.)]]>
    </line>
    <line>
      <![CDATA[<br></br> <Strong><font color=#008000><b> &#10004 PASS</b></font></strong>]]>
    </line>
    <line>
      <![CDATA[<br></br>Step 5 : Select School for this user. (If School selection feature is enable.)]]>
    </line>
    <line>
      <![CDATA[<br></br>Clicked on 'Agree & Create Account'.]]>
    </line>
    <line>
      <![CDATA[<br></br>Selected school: School]]>
    </line>
    <line>
      <![CDATA[<br></br>Selected school: SUNSET HIGH SCHOOL, DALLAS ISD]]>
    </line>
    <line>
      <![CDATA[<br></br>Selected school: School]]>
    </line>
    <line>
      <![CDATA[<br></br>Selected school: School]]>
    </line>
    <line>
      <![CDATA[<br></br>Clicked on 'Let's Start With...'.]]>
    </line>
    <line>
      <![CDATA[<br></br>Clicked on 'You're almost there!'.]]>
    </line>
    <line>
      <![CDATA[<br></br>Closed pop-up.]]>
    </line>
    <line>
      <![CDATA[<br></br><b style="color:OrangeRed "> Expected Result-5: </b><b>To verify user is redirected to 'My Profile' page and verify 'username' is same as entered.</b>]]>
    </line>
    <line>
      <![CDATA[<br></br>Actual Page Title after SignUp: <b>My Profile</b>]]>
    </line>
    <line>
      <![CDATA[<br></br>Clicked on 'You're almost there!'.]]>
    </line>
    <line>
      <![CDATA[<br></br><b style="color:OrangeRed "> Expected Result-4: </b><b>To verify user should be redirected to enter email, username and password page.</b>]]>
    </line>
    <line>
      <![CDATA[<br></br>Clicked on 'You're almost there!'.]]>
    </line>
    <line>
      <![CDATA[<br></br>Clicked on 'You're almost there!'.]]>
    </line>
    <line>
      <![CDATA[<br></br>Actual Username after SignUp: <b>22645SAN_ANTONIO</b>]]>
    </line>
    <line>
      <![CDATA[<br></br> <Strong><font color=#008000><b> &#10004 PASS</b></font></strong>]]>
    </line>
    <line>
      <![CDATA[<br></br><b style="color:OrangeRed "> Expected Result-6: </b><b>To verify entered FirstName ,Last name and Email should be same as entered during SignUp</b>]]>
    </line>
    <line>
      <![CDATA[<br></br><b style="color:OrangeRed "> Expected Result-4: </b><b>To verify user should be redirected to enter email, username and password page.</b>]]>
    </line>
    <line>
      <![CDATA[<br></br> <Strong><font color=#008000><b> &#10004 PASS</b></font></strong>]]>
    </line>
    <line>
      <![CDATA[<br></br>Step 6 : Enter valid Credentials (Email, Username, Password)]]>
    </line>
    <line>
      <![CDATA[<br></br><b style="color:OrangeRed "> Expected Result-4: </b><b>To verify user should be redirected to enter email, username and password page.</b>]]>
    </line>
    <line>
      <![CDATA[<br></br><b style="color:OrangeRed "> Expected Result-4: </b><b>To verify user should be redirected to enter email, username and password page.</b>]]>
    </line>
    <line>
      <![CDATA[<br></br>Entered email: tarpan.patel+4011evanston@kiwiqa.com]]>
    </line>
    <line>
      <![CDATA[<br></br> <Strong><font color=#008000><b> &#10004 PASS</b></font></strong>]]>
    </line>
    <line>
      <![CDATA[<br></br>Step 6 : Enter valid Credentials (Email, Username, Password)]]>
    </line>
    <line>
      <![CDATA[<br></br>Entered username: 4011evanston]]>
    </line>
    <line>
      <![CDATA[<br></br> <Strong><font color=#008000><b> &#10004 PASS</b></font></strong>]]>
    </line>
    <line>
      <![CDATA[<br></br>Step 6 : Enter valid Credentials (Email, Username, Password)]]>
    </line>
    <line>
      <![CDATA[<br></br> <Strong><font color=#008000><b> &#10004 PASS</b></font></strong>]]>
    </line>
    <line>
      <![CDATA[<br></br>Step 6 : Enter valid Credentials (Email, Username, Password)]]>
    </line>
    <line>
      <![CDATA[<br></br>Entered email: tarpan.patel+19091dallas@kiwiqa.com]]>
    </line>
    <line>
      <![CDATA[<br></br>Entered password: Kiwi1234auto]]>
    </line>
    <line>
      <![CDATA[<br></br>Entered username: 19091dallas]]>
    </line>
    <line>
      <![CDATA[<br></br>Entered email: tarpan.patel+87769qagold@kiwiqa.com]]>
    </line>
    <line>
      <![CDATA[<br></br>Entered email: tarpan.patel+25279qagold@kiwiqa.com]]>
    </line>
    <line>
      <![CDATA[<br></br>Entered password: Kiwi1234auto]]>
    </line>
    <line>
      <![CDATA[<br></br>Entered username: 87769qagold]]>
    </line>
    <line>
      <![CDATA[<br></br>Entered username: 25279qagold]]>
    </line>
    <line>
      <![CDATA[<br></br>Entered password: Kiwi1234auto]]>
    </line>
    <line>
      <![CDATA[<br></br>Entered password: Kiwi1234auto]]>
    </line>
    <line>
      <![CDATA[<br></br>Clicked on 'Agree & Create Account'.]]>
    </line>
    <line>
      <![CDATA[<br></br>Clicked on 'Agree & Create Account'.]]>
    </line>
    <line>
      <![CDATA[<br></br>Clicked on 'Agree & Create Account'.]]>
    </line>
    <line>
      <![CDATA[<br></br>Clicked on 'Agree & Create Account'.]]>
    </line>
    <line>
      <![CDATA[<br></br>Actual Full Name: <b>zCAgv_automation XPUSz_automation</b>]]>
    </line>
    <line>
      <![CDATA[<br></br>Actual Email: <b>tarpan.patel+22645san_antonio@kiwiqa.com</b>]]>
    </line>
    <line>
      <![CDATA[<br></br> <Strong><font color=#008000><b> &#10004 PASS</b></font></strong>]]>
    </line>
    <line>
      <![CDATA[<br></br>Step 7Open Edit My Info for more verification]]>
    </line>
    <line>
      <![CDATA[<br></br>Clicked on 'Let's Start With...'.]]>
    </line>
    <line>
      <![CDATA[<br></br>Clicked on 'Let's Start With...'.]]>
    </line>
    <line>
      <![CDATA[<br></br>Clicked on 'Let's Start With...'.]]>
    </line>
    <line>
      <![CDATA[<br></br>Closed pop-up.]]>
    </line>
    <line>
      <![CDATA[<br></br><b style="color:OrangeRed "> Expected Result-5: </b><b>To verify user is redirected to 'My Profile' page and verify 'username' is same as entered.</b>]]>
    </line>
    <line>
      <![CDATA[<br></br>Actual Page Title after SignUp: <b>My Profile</b>]]>
    </line>
    <line>
      <![CDATA[<br></br>Clicked on 'Let's Start With...'.]]>
    </line>
    <line>
      <![CDATA[<br></br><b style="color:OrangeRed "> Expected Result-7: </b><b>To verify entered DOB should be same as entered during SignUp</b>]]>
    </line>
    <line>
      <![CDATA[<br></br>Actual DOB: <b>01/28/2005</b>]]>
    </line>
    <line>
      <![CDATA[<br></br> <Strong><font color=#008000><b> &#10004 PASS</b></font></strong>]]>
    </line>
    <line>
      <![CDATA[<br></br>Closed pop-up.]]>
    </line>
    <line>
      <![CDATA[<br></br><b style="color:OrangeRed "> Expected Result-5: </b><b>To verify user is redirected to 'My Profile' page and verify 'username' is same as entered.</b>]]>
    </line>
    <line>
      <![CDATA[<br></br>Actual Page Title after SignUp: <b>My Profile</b>]]>
    </line>
    <line>
      <![CDATA[<br></br>Actual Username after SignUp: <b>4011EVANSTON</b>]]>
    </line>
    <line>
      <![CDATA[<br></br> <Strong><font color=#008000><b> &#10004 PASS</b></font></strong>]]>
    </line>
    <line>
      <![CDATA[<br></br><b style="color:OrangeRed "> Expected Result-6: </b><b>To verify entered FirstName ,Last name and Email should be same as entered during SignUp</b>]]>
    </line>
    <line>
      <![CDATA[<br></br>Closed pop-up.]]>
    </line>
    <line>
      <![CDATA[<br></br><b style="color:OrangeRed "> Expected Result-5: </b><b>To verify user is redirected to 'My Profile' page and verify 'username' is same as entered.</b>]]>
    </line>
    <line>
      <![CDATA[<br></br>Actual Page Title after SignUp: <b>My Profile</b>]]>
    </line>
    <line>
      <![CDATA[<br></br>Actual Username after SignUp: <b>19091DALLAS</b>]]>
    </line>
    <line>
      <![CDATA[<br></br> <Strong><font color=#008000><b> &#10004 PASS</b></font></strong>]]>
    </line>
    <line>
      <![CDATA[<br></br><b style="color:OrangeRed "> Expected Result-6: </b><b>To verify entered FirstName ,Last name and Email should be same as entered during SignUp</b>]]>
    </line>
    <line>
      <![CDATA[<br></br>Actual Username after SignUp: <b>87769QAGOLD</b>]]>
    </line>
    <line>
      <![CDATA[<br></br> <Strong><font color=#008000><b> &#10004 PASS</b></font></strong>]]>
    </line>
    <line>
      <![CDATA[<br></br><b style="color:OrangeRed "> Expected Result-6: </b><b>To verify entered FirstName ,Last name and Email should be same as entered during SignUp</b>]]>
    </line>
    <line>
      <![CDATA[<br></br>Closed pop-up.]]>
    </line>
    <line>
      <![CDATA[<br></br><b style="color:OrangeRed "> Expected Result-5: </b><b>To verify user is redirected to 'My Profile' page and verify 'username' is same as entered.</b>]]>
    </line>
    <line>
      <![CDATA[<br></br>Actual Page Title after SignUp: <b>My Profile</b>]]>
    </line>
    <line>
      <![CDATA[<br></br>Actual Username after SignUp: <b>25279QAGOLD</b>]]>
    </line>
    <line>
      <![CDATA[<br></br> <Strong><font color=#008000><b> &#10004 PASS</b></font></strong>]]>
    </line>
    <line>
      <![CDATA[<br></br><b style="color:OrangeRed "> Expected Result-6: </b><b>To verify entered FirstName ,Last name and Email should be same as entered during SignUp</b>]]>
    </line>
    <line>
      <![CDATA[<hr size='4px' noshade color='green'>]]>
    </line>
    <line>
      <![CDATA[<br></br>Actual Full Name: <b>Qmsns_automation NOxLQ_automation</b>]]>
    </line>
    <line>
      <![CDATA[<br></br>Actual Email: <b>tarpan.patel+4011evanston@kiwiqa.com</b>]]>
    </line>
    <line>
      <![CDATA[<br></br> <Strong><font color=#008000><b> &#10004 PASS</b></font></strong>]]>
    </line>
    <line>
      <![CDATA[<br></br>Step 7Open Edit My Info for more verification]]>
    </line>
    <line>
      <![CDATA[<br></br>Actual Full Name: <b>qVJCC_automation RvSUB_automation</b>]]>
    </line>
    <line>
      <![CDATA[<br></br>Actual Email: <b>tarpan.patel+19091dallas@kiwiqa.com</b>]]>
    </line>
    <line>
      <![CDATA[<br></br> <Strong><font color=#008000><b> &#10004 PASS</b></font></strong>]]>
    </line>
    <line>
      <![CDATA[<br></br>Step 7Open Edit My Info for more verification]]>
    </line>
    <line>
      <![CDATA[<br></br>Actual Full Name: <b>eqcmX_automation ZeApz_automation</b>]]>
    </line>
    <line>
      <![CDATA[<br></br>Actual Email: <b>tarpan.patel+87769qagold@kiwiqa.com</b>]]>
    </line>
    <line>
      <![CDATA[<br></br> <Strong><font color=#008000><b> &#10004 PASS</b></font></strong>]]>
    </line>
    <line>
      <![CDATA[<br></br>Step 7Open Edit My Info for more verification]]>
    </line>
    <line>
      <![CDATA[<br></br>Actual Full Name: <b>PbJAg_automation Fcuah_automation</b>]]>
    </line>
    <line>
      <![CDATA[<br></br>Actual Email: <b>tarpan.patel+25279qagold@kiwiqa.com</b>]]>
    </line>
    <line>
      <![CDATA[<br></br> <Strong><font color=#008000><b> &#10004 PASS</b></font></strong>]]>
    </line>
    <line>
      <![CDATA[<br></br>Step 7Open Edit My Info for more verification]]>
    </line>
    <line>
      <![CDATA[<br></br><b style="color:OrangeRed "> Expected Result-7: </b><b>To verify entered DOB should be same as entered during SignUp</b>]]>
    </line>
    <line>
      <![CDATA[<br></br>Actual DOB: <b>01/28/2005</b>]]>
    </line>
    <line>
      <![CDATA[<br></br> <Strong><font color=#008000><b> &#10004 PASS</b></font></strong>]]>
    </line>
    <line>
      <![CDATA[<br></br><b style="color:OrangeRed "> Expected Result-7: </b><b>To verify entered DOB should be same as entered during SignUp</b>]]>
    </line>
    <line>
      <![CDATA[<br></br>Actual DOB: <b>01/28/2005</b>]]>
    </line>
    <line>
      <![CDATA[<br></br> <Strong><font color=#008000><b> &#10004 PASS</b></font></strong>]]>
    </line>
    <line>
      <![CDATA[<br></br><b style="color:OrangeRed "> Expected Result-7: </b><b>To verify entered DOB should be same as entered during SignUp</b>]]>
    </line>
    <line>
      <![CDATA[<br></br>Actual DOB: <b>01/28/2005</b>]]>
    </line>
    <line>
      <![CDATA[<br></br> <Strong><font color=#008000><b> &#10004 PASS</b></font></strong>]]>
    </line>
    <line>
      <![CDATA[<br></br><b style="color:OrangeRed "> Expected Result-7: </b><b>To verify entered DOB should be same as entered during SignUp</b>]]>
    </line>
    <line>
      <![CDATA[<br></br>Actual DOB: <b>01/28/2005</b>]]>
    </line>
    <line>
      <![CDATA[<br></br> <Strong><font color=#008000><b> &#10004 PASS</b></font></strong>]]>
    </line>
    <line>
      <![CDATA[<hr size='4px' noshade color='green'>]]>
    </line>
    <line>
      <![CDATA[<hr size='4px' noshade color='green'>]]>
    </line>
    <line>
      <![CDATA[<hr size='4px' noshade color='green'>]]>
    </line>
    <line>
      <![CDATA[<hr size='4px' noshade color='green'>]]>
    </line>
  </reporter-output>
  <suite name="[QAGold - Stage] - SignUp Module" duration-ms="97439" started-at="2020-05-05T08:23:42Z" finished-at="2020-05-05T08:25:19Z">
    <groups>
    </groups>
    <test name=" TC_SU_01 :: [San Antonio Stage] To verify &#039;SignUp&#039; functionality for &#039;Learner user Above 13&#039; age." duration-ms="77297" started-at="2020-05-05T08:23:42Z" finished-at="2020-05-05T08:24:59Z">
      <class name="com.automation.signUp.SignUpIndex">
        <test-method status="PASS" signature="setCurrentDateTime(org.testng.ITestContext)[pri:0, instance:com.automation.signUp.SignUpIndex@1a3869f4]" name="setCurrentDateTime" is-config="true" duration-ms="0" started-at="2020-05-05T08:23:42Z" finished-at="2020-05-05T08:23:42Z">
          <params>
            <param index="0">
              <value>
                <![CDATA[org.testng.TestRunner@44f75083]]>
              </value>
            </param>
          </params>
          <reporter-output>
          </reporter-output>
        </test-method> <!-- setCurrentDateTime -->
        <test-method status="PASS" signature="fetchSuiteConfiguration(org.testng.ITestContext, java.lang.String, java.lang.String, java.lang.String, java.lang.String)[pri:0, instance:com.automation.signUp.SignUpIndex@1a3869f4]" name="fetchSuiteConfiguration" is-config="true" duration-ms="26" started-at="2020-05-05T08:23:42Z" finished-at="2020-05-05T08:23:42Z">
          <params>
            <param index="0">
              <value>
                <![CDATA[org.testng.TestRunner@44f75083]]>
              </value>
            </param>
            <param index="1">
              <value>
                <![CDATA[https://san-antonio.cityoflearning.me]]>
              </value>
            </param>
            <param index="2">
              <value>
                <![CDATA[migtest-300]]>
              </value>
            </param>
            <param index="3">
              <value>
                <![CDATA[test]]>
              </value>
            </param>
            <param index="4">
              <value>
                <![CDATA[san_antonio]]>
              </value>
            </param>
          </params>
          <reporter-output>
            <line>
              <![CDATA[<br></br>[https://san-antonio.cityoflearning.me] [QAGold - Stage] - SignUp Module [05/05/2020 13:53:42]]]>
            </line>
          </reporter-output>
        </test-method> <!-- fetchSuiteConfiguration -->
        <test-method status="PASS" signature="setUp(java.lang.reflect.Method, org.testng.ITestContext, org.testng.ITestResult)[pri:0, instance:com.automation.signUp.SignUpIndex@1a3869f4]" name="setUp" is-config="true" duration-ms="4615" started-at="2020-05-05T08:23:42Z" finished-at="2020-05-05T08:23:46Z">
          <params>
            <param index="0">
              <value>
                <![CDATA[public void com.automation.signUp.SignUpIndex.signUp() throws java.io.UnsupportedEncodingException,java.net.URISyntaxException,java.io.IOException]]>
              </value>
            </param>
            <param index="1">
              <value>
                <![CDATA[org.testng.TestRunner@44f75083]]>
              </value>
            </param>
            <param index="2">
              <value>
                <![CDATA[[TestResult name=signUp status=SUCCESS method=SignUpIndex.signUp()[pri:1, instance:com.automation.signUp.SignUpIndex@1a3869f4] output=<strong> <h4 style="color:DarkViolet"> Test Case ID: TC_SignUp_01</h4> </strong>]]]>
              </value>
            </param>
          </params>
          <reporter-output>
            <line>
              <![CDATA[<br></br>Seession 83ffb6b8cc540c510ad1f57450f74913]]>
            </line>
          </reporter-output>
        </test-method> <!-- setUp -->
        <test-method status="PASS" signature="signUp()[pri:1, instance:com.automation.signUp.SignUpIndex@1a3869f4]" name="signUp" duration-ms="67368" started-at="2020-05-05T08:23:46Z" finished-at="2020-05-05T08:24:54Z">
          <reporter-output>
            <line>
              <![CDATA[<strong> <h4 style="color:DarkViolet"> Test Case ID: TC_SignUp_01</h4> </strong>]]>
            </line>
            <line>
              <![CDATA[<strong> <h3 style="color:DeepPink"> Test Description:  TC_SU_01 :: [San Antonio Stage] To verify 'SignUp' functionality for 'Learner user Above 13' age. - [https://san-antonio.cityoflearning.me]</h4> </strong>]]>
            </line>
            <line>
              <![CDATA[<strong> <h4 style="color:DeepPink"> Testcase :  To verify SignUp Functionality (Create New Account Successfully).</h4> </strong>]]>
            </line>
            <line>
              <![CDATA[<br></br>Step 1 : Open url: <a>https://san-antonio.cityoflearning.me</a>]]>
            </line>
            <line>
              <![CDATA[<br></br><b style="color:OrangeRed "> Expected Result-1: </b><b>To verify user redirects to the Home page and can see the all contents on the page with 'JOIN NOW' and 'SignIn' button.</b>]]>
            </line>
            <line>
              <![CDATA[<br></br> <Strong><font color=#008000><b> &#10004 PASS</b></font></strong>]]>
            </line>
            <line>
[...]
          <params>
            <param index="0">
              <value>
                <![CDATA[[TestResult name=logInAdmin status=SUCCESS method=SigninIndex.logInAdmin()[pri:2, instance:com.automation.signIn.SigninIndex@9a7504c] output=<strong> <h4 style="color:DarkViolet"> Test Case ID: TC_SignIn_02 </h4> </strong>]]]>
              </value>
            </param>
          </params>
          <reporter-output>
          </reporter-output>
        </test-method> <!-- tearDown -->
      </class> <!-- com.automation.signIn.SigninIndex -->
    </test> <!--  TC_SI_02 :: [Evanstone Stage] To verify 'SignIn' functionality and To verify 'SignOut' functionaity for 'Admin' user. -->
    <test name=" TC_SI_02 :: [San Antonio Stage] To verify &#039;SignIn&#039; functionality and To verify &#039;SignOut&#039; functionaity for &#039;Admin&#039; user." duration-ms="47214" started-at="2020-05-05T08:22:14Z" finished-at="2020-05-05T08:23:01Z">
      <class name="com.automation.signIn.SigninIndex">
        <test-method status="PASS" signature="fetchSuiteConfiguration(org.testng.ITestContext, java.lang.String, java.lang.String, java.lang.String, java.lang.String)[pri:0, instance:com.automation.signIn.SigninIndex@6b9651f3]" name="fetchSuiteConfiguration" is-config="true" duration-ms="1" started-at="2020-05-05T08:22:14Z" finished-at="2020-05-05T08:22:14Z">
          <params>
            <param index="0">
              <value>
                <![CDATA[org.testng.TestRunner@51b279c9]]>
              </value>
            </param>
            <param index="1">
              <value>
                <![CDATA[https://san-antonio.cityoflearning.me/admin]]>
              </value>
            </param>
            <param index="2">
              <value>
                <![CDATA[mukesh+super1@kiwiqa.com]]>
              </value>
            </param>
            <param index="3">
              <value>
                <![CDATA[Kiwi1234]]>
              </value>
            </param>
            <param index="4">
              <value>
                <![CDATA[san_antonio]]>
              </value>
            </param>
          </params>
          <reporter-output>
            <line>
              <![CDATA[<br></br>[https://san-antonio.cityoflearning.me/admin] [QAGold - Stage] - SignIn - SignOut Module [05/05/2020 13:52:14]]]>
            </line>
          </reporter-output>
        </test-method> <!-- fetchSuiteConfiguration -->
        <test-method status="PASS" signature="setUp(java.lang.reflect.Method, org.testng.ITestContext, org.testng.ITestResult)[pri:0, instance:com.automation.signIn.SigninIndex@6b9651f3]" name="setUp" is-config="true" duration-ms="1928" started-at="2020-05-05T08:22:14Z" finished-at="2020-05-05T08:22:16Z">
          <params>
            <param index="0">
              <value>
                <![CDATA[public void com.automation.signIn.SigninIndex.logInAdmin() throws java.io.UnsupportedEncodingException,java.net.URISyntaxException,java.io.IOException]]>
              </value>
            </param>
            <param index="1">
              <value>
                <![CDATA[org.testng.TestRunner@51b279c9]]>
              </value>
            </param>
            <param index="2">
              <value>
                <![CDATA[[TestResult name=logInAdmin status=SUCCESS method=SigninIndex.logInAdmin()[pri:2, instance:com.automation.signIn.SigninIndex@6b9651f3] output=<strong> <h4 style="color:DarkViolet"> Test Case ID: TC_SignIn_02 </h4> </strong>]]]>
              </value>
            </param>
          </params>
          <reporter-output>
            <line>
              <![CDATA[<br></br>Seession e57ab7efaebb5ec857cfb5b817590835]]>
            </line>
          </reporter-output>
        </test-method> <!-- setUp -->
        <test-method status="PASS" signature="logInAdmin()[pri:2, instance:com.automation.signIn.SigninIndex@6b9651f3]" name="logInAdmin" duration-ms="39617" started-at="2020-05-05T08:22:16Z" finished-at="2020-05-05T08:22:56Z">
          <reporter-output>
            <line>
              <![CDATA[<strong> <h4 style="color:DarkViolet"> Test Case ID: TC_SignIn_02 </h4> </strong>]]>
            </line>
            <line>
              <![CDATA[<strong> <h3 style="color:DeepPink"> Test Description:  TC_SI_02 :: [San Antonio Stage] To verify 'SignIn' functionality and To verify 'SignOut' functionaity for 'Admin' user. - [https://san-antonio.cityoflearning.me/admin]</h4> </strong>]]>
            </line>
            <line>
              <![CDATA[<strong> <h4 style="color:DeepPink"> Testcase :  To verify Sign In Functionality.</h4> </strong>]]>
            </line>
            <line>
              <![CDATA[<br></br>Step 1 : Open url: <a>https://san-antonio.cityoflearning.me/admin</a>]]>
            </line>
            <line>
              <![CDATA[<br></br><b style="color:OrangeRed "> Expected Result-1: </b><b>To verify user redirects to Admin Login page and can see Login Form for - san_antonio Instance.</b>]]>
            </line>
            <line>
              <![CDATA[<br></br><b> FutureReadySA's Org Dashboard </b>]]>
            </line>
            <line>
              <![CDATA[<br></br> <Strong><font color=#008000><b> &#10004 PASS</b></font></strong>]]>
            </line>
            <line>
              <![CDATA[<br></br>Step 2 : 'Login' with valid Credentials]]>
            </line>
            <line>
              <![CDATA[<br></br>Environment:  <b>https://san-antonio.cityoflearning.me/admin</b>]]>
            </line>
            <line>
              <![CDATA[<br></br>Entered 'Email' :-<b>mukesh+super1@kiwiqa.com</b>]]>
            </line>
            <line>
              <![CDATA[<br></br>Entered 'Password' :-<b>Kiwi1234</b>]]>
            </line>
            <line>
              <![CDATA[<br></br>Clicked on 'LogIn' button.]]>
            </line>
            <line>
              <![CDATA[<br></br><b style="color:OrangeRed "> Expected Result-2: </b><b>To verify user should LogIn successfully and verify Admin username should be same as entered email.</b>]]>
            </line>
            <line>
              <![CDATA[<br></br>Actual Admin Username after LogIn: <b>mukesh+super1@kiwiqa.com</b>]]>
            </line>
            <line>
              <![CDATA[<br></br> <Strong><font color=#008000><b> &#10004 PASS</b></font></strong>]]>
            </line>
            <line>
              <![CDATA[<br></br><b style="color:OrangeRed "> Expected Result-3: </b><b>To verify user is redirected to 'Organizations and Programs' page</b>]]>
            </line>
            <line>
              <![CDATA[<br></br>Actual URL after LogIn: https://san-antonio.cityoflearning.me/admin/super-admin]]>
            </line>
            <line>
              <![CDATA[<br></br> <Strong><font color=#008000><b> &#10004 PASS</b></font></strong>]]>
            </line>
            <line>
              <![CDATA[<strong> <h4 style="color:DarkViolet"> Test Case ID: TC_SignOut_02 </h4> </strong>]]>
            </line>
            <line>
              <![CDATA[<strong> <h4 style="color:DeepPink"> Testcase :  To verify Sign Out Functionality.</h4> </strong>]]>
            </line>
            <line>
              <![CDATA[<br></br>Step 3 : Log Out from current Login account.]]>
            </line>
            <line>
              <![CDATA[<br></br>Clicked on 'Log Out' option (From Header).]]>
            </line>
            <line>
              <![CDATA[<br></br><b style="color:OrangeRed "> Expected Result-4: </b><b>To verify user gets LogIn form for 'Email' and 'Password' after LogOut Successfully.</b>]]>
            </line>
            <line>
              <![CDATA[<br></br><b> FutureReadySA's Org Dashboard </b>]]>
            </line>
            <line>
              <![CDATA[<br></br> <Strong><font color=#008000><b> &#10004 PASS</b></font></strong>]]>
            </line>
            <line>
              <![CDATA[<br></br><b style="color:OrangeRed "> Expected Result-5: </b><b>To verify after LogOut user cannot go back to Admin Dasboard page.</b>]]>
            </line>
            <line>
              <![CDATA[<br></br>Directly Trying to Open URL: <b>https://san-antonio.cityoflearning.me/admin/super-admin</b>]]>
            </line>
            <line>
              <![CDATA[<br></br><b> System Redirects User to :: <b>https://san-antonio.cityoflearning.me/admin/login?errors=You%20need%20to%20log%20in%20to%20access%20that%20page</b>- As User is already LogOut. </b>]]>
            </line>
            <line>
              <![CDATA[<br></br> <Strong><font color=#008000><b> &#10004 PASS</b></font></strong>]]>
            </line>
            <line>
              <![CDATA[<hr size='4px' noshade color='green'>]]>
            </line>
          </reporter-output>
        </test-method> <!-- logInAdmin -->
        <test-method status="PASS" signature="tearDown(org.testng.ITestResult)[pri:0, instance:com.automation.signIn.SigninIndex@6b9651f3]" name="tearDown" is-config="true" duration-ms="5667" started-at="2020-05-05T08:22:56Z" finished-at="2020-05-05T08:23:01Z">
          <params>
            <param index="0">
              <value>
                <![CDATA[[TestResult name=logInAdmin status=SUCCESS method=SigninIndex.logInAdmin()[pri:2, instance:com.automation.signIn.SigninIndex@6b9651f3] output=<strong> <h4 style="color:DarkViolet"> Test Case ID: TC_SignIn_02 </h4> </strong>]]]>
              </value>
            </param>
          </params>
          <reporter-output>
          </reporter-output>
        </test-method> <!-- tearDown -->
      </class> <!-- com.automation.signIn.SigninIndex -->
    </test> <!--  TC_SI_02 :: [San Antonio Stage] To verify 'SignIn' functionality and To verify 'SignOut' functionaity for 'Admin' user. -->
    <test name=" TC_SI_02 :: [Dallas Stage] To verify &#039;SignIn&#039; functionality and To verify &#039;SignOut&#039; functionaity for &#039;Admin&#039; user." duration-ms="70895" started-at="2020-05-05T08:22:31Z" finished-at="2020-05-05T08:23:42Z">
      <class name="com.automation.signIn.SigninIndex">
        <test-method status="PASS" signature="setCurrentDateTime(org.testng.ITestContext)[pri:0, instance:com.automation.signIn.SigninIndex@4abdb505]" name="setCurrentDateTime" is-config="true" duration-ms="15" started-at="2020-05-05T08:20:45Z" finished-at="2020-05-05T08:20:45Z">
          <params>
            <param index="0">
              <value>
                <![CDATA[org.testng.TestRunner@27fe3806]]>
              </value>
            </param>
          </params>
          <reporter-output>
          </reporter-output>
        </test-method> <!-- setCurrentDateTime -->
        <test-method status="PASS" signature="fetchSuiteConfiguration(org.testng.ITestContext, java.lang.String, java.lang.String, java.lang.String, java.lang.String)[pri:0, instance:com.automation.signIn.SigninIndex@4abdb505]" name="fetchSuiteConfiguration" is-config="true" duration-ms="1" started-at="2020-05-05T08:22:31Z" finished-at="2020-05-05T08:22:31Z">
          <params>
            <param index="0">
              <value>
                <![CDATA[org.testng.TestRunner@27fe3806]]>
              </value>
            </param>
            <param index="1">
              <value>
                <![CDATA[https://dallas.cityoflearning.me/admin]]>
              </value>
            </param>
            <param index="2">
              <value>
                <![CDATA[mukesh.patel@kiwiqa.com]]>
              </value>
            </param>
            <param index="3">
              <value>
                <![CDATA[Kiwi1234]]>
              </value>
            </param>
            <param index="4">
              <value>
                <![CDATA[dallas]]>
              </value>
            </param>
          </params>
          <reporter-output>
            <line>
              <![CDATA[<br></br>[https://dallas.cityoflearning.me/admin] [QAGold - Stage] - SignIn - SignOut Module [05/05/2020 13:52:31]]]>
            </line>
          </reporter-output>
        </test-method> <!-- fetchSuiteConfiguration -->
        <test-method status="PASS" signature="setUp(java.lang.reflect.Method, org.testng.ITestContext, org.testng.ITestResult)[pri:0, instance:com.automation.signIn.SigninIndex@4abdb505]" name="setUp" is-config="true" duration-ms="1491" started-at="2020-05-05T08:22:31Z" finished-at="2020-05-05T08:22:32Z">
          <params>
            <param index="0">
              <value>
                <![CDATA[public void com.automation.signIn.SigninIndex.logInAdmin() throws java.io.UnsupportedEncodingException,java.net.URISyntaxException,java.io.IOException]]>
              </value>
            </param>
            <param index="1">
              <value>
                <![CDATA[org.testng.TestRunner@27fe3806]]>
              </value>
            </param>
            <param index="2">
              <value>
                <![CDATA[[TestResult name=logInAdmin status=SUCCESS method=SigninIndex.logInAdmin()[pri:2, instance:com.automation.signIn.SigninIndex@4abdb505] output=<strong> <h4 style="color:DarkViolet"> Test Case ID: TC_SignIn_02 </h4> </strong>]]]>
              </value>
            </param>
          </params>
          <reporter-output>
            <line>
              <![CDATA[<br></br>Seession 11769cd2d3588b36078465cf8bccb96c]]>
            </line>
          </reporter-output>
        </test-method> <!-- setUp -->
        <test-method status="PASS" signature="logInAdmin()[pri:2, instance:com.automation.signIn.SigninIndex@4abdb505]" name="logInAdmin" duration-ms="39890" started-at="2020-05-05T08:22:32Z" finished-at="2020-05-05T08:23:12Z">
          <reporter-output>
            <line>
              <![CDATA[<strong> <h4 style="color:DarkViolet"> Test Case ID: TC_SignIn_02 </h4> </strong>]]>
            </line>
            <line>
              <![CDATA[<strong> <h3 style="color:DeepPink"> Test Description:  TC_SI_02 :: [Dallas Stage] To verify 'SignIn' functionality and To verify 'SignOut' functionaity for 'Admin' user. - [https://dallas.cityoflearning.me/admin]</h4> </strong>]]>
            </line>
            <line>
              <![CDATA[<strong> <h4 style="color:DeepPink"> Testcase :  To verify Sign In Functionality.</h4> </strong>]]>
            </line>
            <line>
              <![CDATA[<br></br>Step 1 : Open url: <a>https://dallas.cityoflearning.me/admin</a>]]>
            </line>
            <line>
              <![CDATA[<br></br><b style="color:OrangeRed "> Expected Result-1: </b><b>To verify user redirects to Admin Login page and can see Login Form for - dallas Instance.</b>]]>
            </line>
            <line>
              <![CDATA[<br></br><b> Dallas City of Learning's Org Dashboard </b>]]>
            </line>
            <line>
              <![CDATA[<br></br> <Strong><font color=#008000><b> &#10004 PASS</b></font></strong>]]>
            </line>
            <line>
              <![CDATA[<br></br>Step 2 : 'Login' with valid Credentials]]>
            </line>
            <line>
              <![CDATA[<br></br>Environment:  <b>https://dallas.cityoflearning.me/admin</b>]]>
            </line>
            <line>
              <![CDATA[<br></br>Entered 'Email' :-<b>mukesh.patel@kiwiqa.com</b>]]>
            </line>
            <line>
              <![CDATA[<br></br>Entered 'Password' :-<b>Kiwi1234</b>]]>
            </line>
            <line>
              <![CDATA[<br></br>Clicked on 'LogIn' button.]]>
            </line>
            <line>
              <![CDATA[<br></br><b style="color:OrangeRed "> Expected Result-2: </b><b>To verify user should LogIn successfully and verify Admin username should be same as entered email.</b>]]>
            </line>
            <line>
              <![CDATA[<br></br>Actual Admin Username after LogIn: <b>Mukesh SA</b>]]>
            </line>
            <line>
              <![CDATA[<br></br> <Strong><font color=#008000><b> &#10004 PASS</b></font></strong>]]>
            </line>
            <line>
              <![CDATA[<br></br><b style="color:OrangeRed "> Expected Result-3: </b><b>To verify user is redirected to 'Organizations and Programs' page</b>]]>
            </line>
            <line>
              <![CDATA[<br></br>Actual URL after LogIn: https://dallas.cityoflearning.me/admin/super-admin]]>
            </line>
            <line>
              <![CDATA[<br></br> <Strong><font color=#008000><b> &#10004 PASS</b></font></strong>]]>
            </line>
            <line>
              <![CDATA[<strong> <h4 style="color:DarkViolet"> Test Case ID: TC_SignOut_02 </h4> </strong>]]>
            </line>
            <line>
              <![CDATA[<strong> <h4 style="color:DeepPink"> Testcase :  To verify Sign Out Functionality.</h4> </strong>]]>
            </line>
            <line>
              <![CDATA[<br></br>Step 3 : Log Out from current Login account.]]>
            </line>
            <line>
              <![CDATA[<br></br>Clicked on 'Log Out' option (From Header).]]>
            </line>
            <line>
              <![CDATA[<br></br><b style="color:OrangeRed "> Expected Result-4: </b><b>To verify user gets LogIn form for 'Email' and 'Password' after LogOut Successfully.</b>]]>
            </line>
            <line>
              <![CDATA[<br></br><b> Dallas City of Learning's Org Dashboard </b>]]>
            </line>
            <line>
              <![CDATA[<br></br> <Strong><font color=#008000><b> &#10004 PASS</b></font></strong>]]>
            </line>
            <line>
              <![CDATA[<br></br><b style="color:OrangeRed "> Expected Result-5: </b><b>To verify after LogOut user cannot go back to Admin Dasboard page.</b>]]>
            </line>
            <line>
              <![CDATA[<br></br>Directly Trying to Open URL: <b>https://dallas.cityoflearning.me/admin/super-admin</b>]]>
            </line>
            <line>
              <![CDATA[<br></br><b> System Redirects User to :: <b>https://dallas.cityoflearning.me/admin/login?errors=You%20need%20to%20log%20in%20to%20access%20that%20page</b>- As User is already LogOut. </b>]]>
            </line>
            <line>
              <![CDATA[<br></br> <Strong><font color=#008000><b> &#10004 PASS</b></font></strong>]]>
            </line>
            <line>
              <![CDATA[<hr size='4px' noshade color='green'>]]>
            </line>
          </reporter-output>
        </test-method> <!-- logInAdmin -->
        <test-method status="PASS" signature="tearDown(org.testng.ITestResult)[pri:0, instance:com.automation.signIn.SigninIndex@4abdb505]" name="tearDown" is-config="true" duration-ms="29511" started-at="2020-05-05T08:23:12Z" finished-at="2020-05-05T08:23:42Z">
          <params>
            <param index="0">
              <value>
                <![CDATA[[TestResult name=logInAdmin status=SUCCESS method=SigninIndex.logInAdmin()[pri:2, instance:com.automation.signIn.SigninIndex@4abdb505] output=<strong> <h4 style="color:DarkViolet"> Test Case ID: TC_SignIn_02 </h4> </strong>]]]>
              </value>
            </param>
          </params>
          <reporter-output>
          </reporter-output>
        </test-method> <!-- tearDown -->
        <test-method status="PASS" signature="report()[pri:0, instance:com.automation.signIn.SigninIndex@4abdb505]" name="report" is-config="true" duration-ms="0" started-at="2020-05-05T08:23:42Z" finished-at="2020-05-05T08:23:42Z">
          <reporter-output>
          </reporter-output>
        </test-method> <!-- report -->
      </class> <!-- com.automation.signIn.SigninIndex -->
    </test> <!--  TC_SI_02 :: [Dallas Stage] To verify 'SignIn' functionality and To verify 'SignOut' functionaity for 'Admin' user. -->
  </suite> <!-- [QAGold - Stage] - SignIn - SignOut Module -->
</testng-results>
